#
# There is insufficient memory for the Java Runtime Environment to continue.
# Native memory allocation (malloc) failed to allocate 507376 bytes. Error detail: Chunk::new
# Possible reasons:
#   The system is out of physical RAM or swap space
#   This process is running with CompressedOops enabled, and the Java Heap may be blocking the growth of the native heap
# Possible solutions:
#   Reduce memory load on the system
#   Increase physical memory or swap space
#   Check if swap backing store is full
#   Decrease Java heap size (-Xmx/-Xms)
#   Decrease number of Java threads
#   Decrease Java thread stack sizes (-Xss)
#   Set larger code cache with -XX:ReservedCodeCacheSize=
#   JVM is running with Unscaled Compressed Oops mode in which the Java heap is
#     placed in the first 4GB address space. The Java Heap base address is the
#     maximum limit for the native heap growth. Please use -XX:HeapBaseMinAddress
#     to set the Java Heap base and to place the Java Heap above 4GB virtual address.
# This output file may be truncated or incomplete.
#
#  Out of Memory Error (arena.cpp:149), pid=5012, tid=16264
#
# JRE version: Java(TM) SE Runtime Environment (23.0.2+7) (build 23.0.2+7-58)
# Java VM: Java HotSpot(TM) 64-Bit Server VM (23.0.2+7-58, mixed mode, sharing, tiered, compressed oops, compressed class ptrs, g1 gc, windows-amd64)
# No core dump will be written. Minidumps are not enabled by default on client versions of Windows
#

---------------  S U M M A R Y ------------

Command Line: --module-path=C:\Program Files\Java\javafx-sdk-24.0.2\lib --add-modules=javafx.controls,javafx.fxml -Dfile.encoding=UTF-8 -Dstdout.encoding=UTF-8 -Dstderr.encoding=UTF-8 --module-path=C:\Program Files\Java\javafx-sdk-24.0.2\lib\javafx-swt.jar;C:\Program Files\Java\javafx-sdk-24.0.2\lib\javafx.base.jar;C:\Program Files\Java\javafx-sdk-24.0.2\lib\javafx.controls.jar;C:\Program Files\Java\javafx-sdk-24.0.2\lib\javafx.fxml.jar;C:\Program Files\Java\javafx-sdk-24.0.2\lib\javafx.graphics.jar;C:\Program Files\Java\javafx-sdk-24.0.2\lib\javafx.media.jar;C:\Program Files\Java\javafx-sdk-24.0.2\lib\javafx.swing.jar;C:\Program Files\Java\javafx-sdk-24.0.2\lib\javafx.web.jar;C:\Program Files\Java\javafx-sdk-24.0.2\lib\jdk.jsobject.jar;C:\Program Files\Java\javafx-sdk-24.0.2\lib\jfx.incubator.input.jar;C:\Program Files\Java\javafx-sdk-24.0.2\lib\jfx.incubator.richtext.jar;C:\Users\TUMELO\.p2\pool\plugins\org.eclipse.fx.ide.css.jfx8_3.11.0.202508040700.jar -XX:+ShowCodeDetailsInExceptionMessages application.Main

Host: Intel(R) Core(TM) i5-10310U CPU @ 1.70GHz, 8 cores, 7G,  Windows 10 , 64 bit Build 19041 (10.0.19041.5915)
Time: Thu Aug  7 20:30:06 2025 South Africa Standard Time elapsed time: 0.911541 seconds (0d 0h 0m 0s)

---------------  T H R E A D  ---------------

Current thread (0x000002045e38d480):  JavaThread "C2 CompilerThread0" daemon [_thread_in_native, id=16264, stack(0x000000e0d3100000,0x000000e0d3200000) (1024K)]


Current CompileTask:
C2:911 1069       4       sun.util.locale.BaseLocale::getInstance (148 bytes)

Stack: [0x000000e0d3100000,0x000000e0d3200000]
Native frames: (J=compiled Java code, j=interpreted, Vv=VM code, C=native code)
V  [jvm.dll+0x6e0b99]  (no source info available)
V  [jvm.dll+0x87e2b3]  (no source info available)
V  [jvm.dll+0x88073e]  (no source info available)
V  [jvm.dll+0x880e13]  (no source info available)
V  [jvm.dll+0x27b006]  (no source info available)
V  [jvm.dll+0xbc06f]  (no source info available)
V  [jvm.dll+0xbc2cb]  (no source info available)
V  [jvm.dll+0x3b3c22]  (no source info available)
V  [jvm.dll+0x38a55b]  (no source info available)
V  [jvm.dll+0x3899ca]  (no source info available)
V  [jvm.dll+0x244ba1]  (no source info available)
V  [jvm.dll+0x243eff]  (no source info available)
V  [jvm.dll+0x1c34b0]  (no source info available)
V  [jvm.dll+0x253df1]  (no source info available)
V  [jvm.dll+0x2520aa]  (no source info available)
V  [jvm.dll+0x3ee226]  (no source info available)
V  [jvm.dll+0x8254cb]  (no source info available)
V  [jvm.dll+0x6df345]  (no source info available)
C  [ucrtbase.dll+0x21bb2]  (no source info available)
C  [KERNEL32.DLL+0x17374]  (no source info available)
C  [ntdll.dll+0x4cc91]  (no source info available)

Lock stack of current Java thread (top to bottom):


---------------  P R O C E S S  ---------------

Threads class SMR info:
_java_thread_list=0x00000204a4885660, length=17, elements={
0x000002043f48c5e0, 0x000002045e36f980, 0x000002045e3708a0, 0x000002045e372d00,
0x000002045e375770, 0x000002045e37e1e0, 0x000002045e37f980, 0x000002045e38d480,
0x000002045e3effe0, 0x000002045e487d50, 0x000002045e569a10, 0x000002045e4876c0,
0x000002045e487030, 0x000002045e4869a0, 0x000002045e489100, 0x000002045e489790,
0x000002045e486310
}

Java Threads: ( => current thread )
  0x000002043f48c5e0 JavaThread "main"                              [_thread_blocked, id=20348, stack(0x000000e0d2300000,0x000000e0d2400000) (1024K)]
  0x000002045e36f980 JavaThread "Reference Handler"          daemon [_thread_blocked, id=7964, stack(0x000000e0d2b00000,0x000000e0d2c00000) (1024K)]
  0x000002045e3708a0 JavaThread "Finalizer"                  daemon [_thread_blocked, id=764, stack(0x000000e0d2c00000,0x000000e0d2d00000) (1024K)]
  0x000002045e372d00 JavaThread "Signal Dispatcher"          daemon [_thread_blocked, id=17964, stack(0x000000e0d2d00000,0x000000e0d2e00000) (1024K)]
  0x000002045e375770 JavaThread "Attach Listener"            daemon [_thread_blocked, id=16932, stack(0x000000e0d2e00000,0x000000e0d2f00000) (1024K)]
  0x000002045e37e1e0 JavaThread "Service Thread"             daemon [_thread_blocked, id=22032, stack(0x000000e0d2f00000,0x000000e0d3000000) (1024K)]
  0x000002045e37f980 JavaThread "Monitor Deflation Thread"   daemon [_thread_blocked, id=17952, stack(0x000000e0d3000000,0x000000e0d3100000) (1024K)]
=>0x000002045e38d480 JavaThread "C2 CompilerThread0"         daemon [_thread_in_native, id=16264, stack(0x000000e0d3100000,0x000000e0d3200000) (1024K)]
  0x000002045e3effe0 JavaThread "C1 CompilerThread0"         daemon [_thread_blocked, id=9164, stack(0x000000e0d3200000,0x000000e0d3300000) (1024K)]
  0x000002045e487d50 JavaThread "Common-Cleaner"             daemon [_thread_blocked, id=10712, stack(0x000000e0d3300000,0x000000e0d3400000) (1024K)]
  0x000002045e569a10 JavaThread "C2 CompilerThread1"         daemon [_thread_in_native, id=10144, stack(0x000000e0d3400000,0x000000e0d3500000) (1024K)]
  0x000002045e4876c0 JavaThread "Notification Thread"        daemon [_thread_blocked, id=15660, stack(0x000000e0d3600000,0x000000e0d3700000) (1024K)]
  0x000002045e487030 JavaThread "QuantumRenderer-0"          daemon [_thread_blocked, id=23284, stack(0x000000e0d3700000,0x000000e0d3800000) (1024K)]
  0x000002045e4869a0 JavaThread "InvokeLaterDispatcher"      daemon [_thread_blocked, id=6376, stack(0x000000e0d3800000,0x000000e0d3900000) (1024K)]
  0x000002045e489100 JavaThread "JavaFX Application Thread"         [_thread_blocked, id=17816, stack(0x000000e0d3900000,0x000000e0d3a00000) (1024K)]
  0x000002045e489790 JavaThread "JavaFX-Launcher"                   [_thread_blocked, id=19528, stack(0x000000e0d4000000,0x000000e0d4100000) (1024K)]
  0x000002045e486310 JavaThread "Thread-2"                   daemon [_thread_blocked, id=17628, stack(0x000000e0d3500000,0x000000e0d3600000) (1024K)]
Total: 17

Other Threads:
  0x000002045e355880 VMThread "VM Thread"                           [id=1860, stack(0x000000e0d2a00000,0x000000e0d2b00000) (1024K)]
  0x000002045e344490 WatcherThread "VM Periodic Task Thread"        [id=15024, stack(0x000000e0d2900000,0x000000e0d2a00000) (1024K)]
  0x00000204417e4b60 WorkerThread "GC Thread#0"                     [id=10444, stack(0x000000e0d2400000,0x000000e0d2500000) (1024K)]
  0x00000204a4a1b3a0 WorkerThread "GC Thread#1"                     [id=19640, stack(0x000000e0d4100000,0x000000e0d4200000) (1024K)]
  0x00000204a4a1b750 WorkerThread "GC Thread#2"                     [id=23172, stack(0x000000e0d4200000,0x000000e0d4300000) (1024K)]
  0x00000204a4b00cf0 WorkerThread "GC Thread#3"                     [id=20904, stack(0x000000e0d4300000,0x000000e0d4400000) (1024K)]
  0x00000204a4b010a0 WorkerThread "GC Thread#4"                     [id=7836, stack(0x000000e0d4400000,0x000000e0d4500000) (1024K)]
  0x00000204a4b01450 WorkerThread "GC Thread#5"                     [id=408, stack(0x000000e0d4500000,0x000000e0d4600000) (1024K)]
  0x0000020441837010 ConcurrentGCThread "G1 Main Marker"            [id=1516, stack(0x000000e0d2500000,0x000000e0d2600000) (1024K)]
  0x0000020441837b20 WorkerThread "G1 Conc#0"                       [id=16976, stack(0x000000e0d2600000,0x000000e0d2700000) (1024K)]
  0x000002045e217370 ConcurrentGCThread "G1 Refine#0"               [id=15568, stack(0x000000e0d2700000,0x000000e0d2800000) (1024K)]
  0x000002045e218500 ConcurrentGCThread "G1 Service"                [id=1504, stack(0x000000e0d2800000,0x000000e0d2900000) (1024K)]
Total: 12

Threads with active compile tasks:
C2 CompilerThread0  1091 1069       4       sun.util.locale.BaseLocale::getInstance (148 bytes)
C2 CompilerThread1  1091 1076       4       sun.util.locale.StringTokenIterator::next (74 bytes)
Total: 2

VM state: at safepoint (normal execution)

VM Mutex/Monitor currently owned by a thread:  ([mutex/lock_event])
[0x00007ffe5acb4888] Threads_lock - owner thread: 0x000002045e355880
[0x00007ffe5acb4988] Heap_lock - owner thread: 0x000002045e489100

Heap address: 0x0000000083600000, size: 1994 MB, Compressed Oops mode: 32-bit

CDS archive(s) mapped at: [0x000002045f000000-0x000002045fd70000-0x000002045fd70000), size 14090240, SharedBaseAddress: 0x000002045f000000, ArchiveRelocationMode: 1.
Compressed class space mapped at: 0x0000020460000000-0x00000204a0000000, reserved size: 1073741824
Narrow klass base: 0x000002045f000000, Narrow klass shift: 0, Narrow klass range: 0x41000000

GC Precious Log:
 CardTable entry size: 512
 Card Set container configuration: InlinePtr #cards 5 size 8 Array Of Cards #cards 10 size 36 Howl #buckets 4 coarsen threshold 1843 Howl Bitmap #cards 512 size 80 coarsen threshold 460 Card regions per heap region 1 cards per card region 2048
 CPUs: 8 total, 8 available
 Memory: 7974M
 Large Page Support: Disabled
 NUMA Support: Disabled
 Compressed Oops: Enabled (32-bit)
 Heap Region Size: 1M
 Heap Min Capacity: 8M
 Heap Initial Capacity: 126M
 Heap Max Capacity: 1994M
 Pre-touch: Disabled
 Parallel Workers: 8
 Concurrent Workers: 2
 Concurrent Refinement Workers: 8
 Periodic GC: Disabled

Heap:
 garbage-first heap   total reserved 2041856K, committed 129024K, used 24576K [0x0000000083600000, 0x0000000100000000)
  region size 1024K, 27 young (27648K), 3 survivors (3072K)
 Metaspace       used 4683K, committed 4864K, reserved 1114112K
  class space    used 567K, committed 640K, reserved 1048576K

Heap Regions: E=young(eden), S=young(survivor), O=old, HS=humongous(starts), HC=humongous(continues), CS=collection set, F=free, TAMS=top-at-mark-start, PB=parsable bottom
|   0|0x0000000083600000, 0x0000000083676798, 0x0000000083700000| 46%| O|  |TAMS 0x0000000083600000| PB 0x0000000083600000| Untracked |  0
|   1|0x0000000083700000, 0x0000000083700000, 0x0000000083800000|  0%| F|  |TAMS 0x0000000083700000| PB 0x0000000083700000| Untracked |  0
|   2|0x0000000083800000, 0x0000000083800000, 0x0000000083900000|  0%| F|  |TAMS 0x0000000083800000| PB 0x0000000083800000| Untracked |  0
|   3|0x0000000083900000, 0x0000000083900000, 0x0000000083a00000|  0%| F|  |TAMS 0x0000000083900000| PB 0x0000000083900000| Untracked |  0
|   4|0x0000000083a00000, 0x0000000083a00000, 0x0000000083b00000|  0%| F|  |TAMS 0x0000000083a00000| PB 0x0000000083a00000| Untracked |  0
|   5|0x0000000083b00000, 0x0000000083b00000, 0x0000000083c00000|  0%| F|  |TAMS 0x0000000083b00000| PB 0x0000000083b00000| Untracked |  0
|   6|0x0000000083c00000, 0x0000000083c00000, 0x0000000083d00000|  0%| F|  |TAMS 0x0000000083c00000| PB 0x0000000083c00000| Untracked |  0
|   7|0x0000000083d00000, 0x0000000083d00000, 0x0000000083e00000|  0%| F|  |TAMS 0x0000000083d00000| PB 0x0000000083d00000| Untracked |  0
|   8|0x0000000083e00000, 0x0000000083e00000, 0x0000000083f00000|  0%| F|  |TAMS 0x0000000083e00000| PB 0x0000000083e00000| Untracked |  0
|   9|0x0000000083f00000, 0x0000000083f00000, 0x0000000084000000|  0%| F|  |TAMS 0x0000000083f00000| PB 0x0000000083f00000| Untracked |  0
|  10|0x0000000084000000, 0x0000000084000000, 0x0000000084100000|  0%| F|  |TAMS 0x0000000084000000| PB 0x0000000084000000| Untracked |  0
|  11|0x0000000084100000, 0x0000000084100000, 0x0000000084200000|  0%| F|  |TAMS 0x0000000084100000| PB 0x0000000084100000| Untracked |  0
|  12|0x0000000084200000, 0x0000000084200000, 0x0000000084300000|  0%| F|  |TAMS 0x0000000084200000| PB 0x0000000084200000| Untracked |  0
|  13|0x0000000084300000, 0x0000000084300000, 0x0000000084400000|  0%| F|  |TAMS 0x0000000084300000| PB 0x0000000084300000| Untracked |  0
|  14|0x0000000084400000, 0x0000000084400000, 0x0000000084500000|  0%| F|  |TAMS 0x0000000084400000| PB 0x0000000084400000| Untracked |  0
|  15|0x0000000084500000, 0x0000000084500000, 0x0000000084600000|  0%| F|  |TAMS 0x0000000084500000| PB 0x0000000084500000| Untracked |  0
|  16|0x0000000084600000, 0x0000000084600000, 0x0000000084700000|  0%| F|  |TAMS 0x0000000084600000| PB 0x0000000084600000| Untracked |  0
|  17|0x0000000084700000, 0x0000000084700000, 0x0000000084800000|  0%| F|  |TAMS 0x0000000084700000| PB 0x0000000084700000| Untracked |  0
|  18|0x0000000084800000, 0x0000000084800000, 0x0000000084900000|  0%| F|  |TAMS 0x0000000084800000| PB 0x0000000084800000| Untracked |  0
|  19|0x0000000084900000, 0x0000000084900000, 0x0000000084a00000|  0%| F|  |TAMS 0x0000000084900000| PB 0x0000000084900000| Untracked |  0
|  20|0x0000000084a00000, 0x0000000084a00000, 0x0000000084b00000|  0%| F|  |TAMS 0x0000000084a00000| PB 0x0000000084a00000| Untracked |  0
|  21|0x0000000084b00000, 0x0000000084b00000, 0x0000000084c00000|  0%| F|  |TAMS 0x0000000084b00000| PB 0x0000000084b00000| Untracked |  0
|  22|0x0000000084c00000, 0x0000000084c00000, 0x0000000084d00000|  0%| F|  |TAMS 0x0000000084c00000| PB 0x0000000084c00000| Untracked |  0
|  23|0x0000000084d00000, 0x0000000084d00000, 0x0000000084e00000|  0%| F|  |TAMS 0x0000000084d00000| PB 0x0000000084d00000| Untracked |  0
|  24|0x0000000084e00000, 0x0000000084e00000, 0x0000000084f00000|  0%| F|  |TAMS 0x0000000084e00000| PB 0x0000000084e00000| Untracked |  0
|  25|0x0000000084f00000, 0x0000000084f00000, 0x0000000085000000|  0%| F|  |TAMS 0x0000000084f00000| PB 0x0000000084f00000| Untracked |  0
|  26|0x0000000085000000, 0x0000000085000000, 0x0000000085100000|  0%| F|  |TAMS 0x0000000085000000| PB 0x0000000085000000| Untracked |  0
|  27|0x0000000085100000, 0x0000000085100000, 0x0000000085200000|  0%| F|  |TAMS 0x0000000085100000| PB 0x0000000085100000| Untracked |  0
|  28|0x0000000085200000, 0x0000000085200000, 0x0000000085300000|  0%| F|  |TAMS 0x0000000085200000| PB 0x0000000085200000| Untracked |  0
|  29|0x0000000085300000, 0x0000000085300000, 0x0000000085400000|  0%| F|  |TAMS 0x0000000085300000| PB 0x0000000085300000| Untracked |  0
|  30|0x0000000085400000, 0x0000000085400000, 0x0000000085500000|  0%| F|  |TAMS 0x0000000085400000| PB 0x0000000085400000| Untracked |  0
|  31|0x0000000085500000, 0x0000000085500000, 0x0000000085600000|  0%| F|  |TAMS 0x0000000085500000| PB 0x0000000085500000| Untracked |  0
|  32|0x0000000085600000, 0x0000000085600000, 0x0000000085700000|  0%| F|  |TAMS 0x0000000085600000| PB 0x0000000085600000| Untracked |  0
|  33|0x0000000085700000, 0x0000000085700000, 0x0000000085800000|  0%| F|  |TAMS 0x0000000085700000| PB 0x0000000085700000| Untracked |  0
|  34|0x0000000085800000, 0x0000000085800000, 0x0000000085900000|  0%| F|  |TAMS 0x0000000085800000| PB 0x0000000085800000| Untracked |  0
|  35|0x0000000085900000, 0x0000000085900000, 0x0000000085a00000|  0%| F|  |TAMS 0x0000000085900000| PB 0x0000000085900000| Untracked |  0
|  36|0x0000000085a00000, 0x0000000085a00000, 0x0000000085b00000|  0%| F|  |TAMS 0x0000000085a00000| PB 0x0000000085a00000| Untracked |  0
|  37|0x0000000085b00000, 0x0000000085b00000, 0x0000000085c00000|  0%| F|  |TAMS 0x0000000085b00000| PB 0x0000000085b00000| Untracked |  0
|  38|0x0000000085c00000, 0x0000000085c00000, 0x0000000085d00000|  0%| F|  |TAMS 0x0000000085c00000| PB 0x0000000085c00000| Untracked |  0
|  39|0x0000000085d00000, 0x0000000085d00000, 0x0000000085e00000|  0%| F|  |TAMS 0x0000000085d00000| PB 0x0000000085d00000| Untracked |  0
|  40|0x0000000085e00000, 0x0000000085e00000, 0x0000000085f00000|  0%| F|  |TAMS 0x0000000085e00000| PB 0x0000000085e00000| Untracked |  0
|  41|0x0000000085f00000, 0x0000000085f00000, 0x0000000086000000|  0%| F|  |TAMS 0x0000000085f00000| PB 0x0000000085f00000| Untracked |  0
|  42|0x0000000086000000, 0x0000000086000000, 0x0000000086100000|  0%| F|  |TAMS 0x0000000086000000| PB 0x0000000086000000| Untracked |  0
|  43|0x0000000086100000, 0x0000000086100000, 0x0000000086200000|  0%| F|  |TAMS 0x0000000086100000| PB 0x0000000086100000| Untracked |  0
|  44|0x0000000086200000, 0x0000000086200000, 0x0000000086300000|  0%| F|  |TAMS 0x0000000086200000| PB 0x0000000086200000| Untracked |  0
|  45|0x0000000086300000, 0x0000000086300000, 0x0000000086400000|  0%| F|  |TAMS 0x0000000086300000| PB 0x0000000086300000| Untracked |  0
|  46|0x0000000086400000, 0x0000000086400000, 0x0000000086500000|  0%| F|  |TAMS 0x0000000086400000| PB 0x0000000086400000| Untracked |  0
|  47|0x0000000086500000, 0x0000000086500000, 0x0000000086600000|  0%| F|  |TAMS 0x0000000086500000| PB 0x0000000086500000| Untracked |  0
|  48|0x0000000086600000, 0x0000000086600000, 0x0000000086700000|  0%| F|  |TAMS 0x0000000086600000| PB 0x0000000086600000| Untracked |  0
|  49|0x0000000086700000, 0x0000000086700000, 0x0000000086800000|  0%| F|  |TAMS 0x0000000086700000| PB 0x0000000086700000| Untracked |  0
|  50|0x0000000086800000, 0x0000000086800000, 0x0000000086900000|  0%| F|  |TAMS 0x0000000086800000| PB 0x0000000086800000| Untracked |  0
|  51|0x0000000086900000, 0x0000000086900000, 0x0000000086a00000|  0%| F|  |TAMS 0x0000000086900000| PB 0x0000000086900000| Untracked |  0
|  52|0x0000000086a00000, 0x0000000086a00000, 0x0000000086b00000|  0%| F|  |TAMS 0x0000000086a00000| PB 0x0000000086a00000| Untracked |  0
|  53|0x0000000086b00000, 0x0000000086b00000, 0x0000000086c00000|  0%| F|  |TAMS 0x0000000086b00000| PB 0x0000000086b00000| Untracked |  0
|  54|0x0000000086c00000, 0x0000000086c00000, 0x0000000086d00000|  0%| F|  |TAMS 0x0000000086c00000| PB 0x0000000086c00000| Untracked |  0
|  55|0x0000000086d00000, 0x0000000086d00000, 0x0000000086e00000|  0%| F|  |TAMS 0x0000000086d00000| PB 0x0000000086d00000| Untracked |  0
|  56|0x0000000086e00000, 0x0000000086e00000, 0x0000000086f00000|  0%| F|  |TAMS 0x0000000086e00000| PB 0x0000000086e00000| Untracked |  0
|  57|0x0000000086f00000, 0x0000000086f00000, 0x0000000087000000|  0%| F|  |TAMS 0x0000000086f00000| PB 0x0000000086f00000| Untracked |  0
|  58|0x0000000087000000, 0x0000000087000000, 0x0000000087100000|  0%| F|  |TAMS 0x0000000087000000| PB 0x0000000087000000| Untracked |  0
|  59|0x0000000087100000, 0x0000000087100000, 0x0000000087200000|  0%| F|  |TAMS 0x0000000087100000| PB 0x0000000087100000| Untracked |  0
|  60|0x0000000087200000, 0x0000000087200000, 0x0000000087300000|  0%| F|  |TAMS 0x0000000087200000| PB 0x0000000087200000| Untracked |  0
|  61|0x0000000087300000, 0x0000000087300000, 0x0000000087400000|  0%| F|  |TAMS 0x0000000087300000| PB 0x0000000087300000| Untracked |  0
|  62|0x0000000087400000, 0x0000000087400000, 0x0000000087500000|  0%| F|  |TAMS 0x0000000087400000| PB 0x0000000087400000| Untracked |  0
|  63|0x0000000087500000, 0x0000000087500000, 0x0000000087600000|  0%| F|  |TAMS 0x0000000087500000| PB 0x0000000087500000| Untracked |  0
|  64|0x0000000087600000, 0x0000000087600000, 0x0000000087700000|  0%| F|  |TAMS 0x0000000087600000| PB 0x0000000087600000| Untracked |  0
|  65|0x0000000087700000, 0x0000000087700000, 0x0000000087800000|  0%| F|  |TAMS 0x0000000087700000| PB 0x0000000087700000| Untracked |  0
|  66|0x0000000087800000, 0x0000000087800000, 0x0000000087900000|  0%| F|  |TAMS 0x0000000087800000| PB 0x0000000087800000| Untracked |  0
|  67|0x0000000087900000, 0x0000000087900000, 0x0000000087a00000|  0%| F|  |TAMS 0x0000000087900000| PB 0x0000000087900000| Untracked |  0
|  68|0x0000000087a00000, 0x0000000087a00000, 0x0000000087b00000|  0%| F|  |TAMS 0x0000000087a00000| PB 0x0000000087a00000| Untracked |  0
|  69|0x0000000087b00000, 0x0000000087b00000, 0x0000000087c00000|  0%| F|  |TAMS 0x0000000087b00000| PB 0x0000000087b00000| Untracked |  0
|  70|0x0000000087c00000, 0x0000000087c00000, 0x0000000087d00000|  0%| F|  |TAMS 0x0000000087c00000| PB 0x0000000087c00000| Untracked |  0
|  71|0x0000000087d00000, 0x0000000087d00000, 0x0000000087e00000|  0%| F|  |TAMS 0x0000000087d00000| PB 0x0000000087d00000| Untracked |  0
|  72|0x0000000087e00000, 0x0000000087e00000, 0x0000000087f00000|  0%| F|  |TAMS 0x0000000087e00000| PB 0x0000000087e00000| Untracked |  0
|  73|0x0000000087f00000, 0x0000000087f00000, 0x0000000088000000|  0%| F|  |TAMS 0x0000000087f00000| PB 0x0000000087f00000| Untracked |  0
|  74|0x0000000088000000, 0x0000000088000000, 0x0000000088100000|  0%| F|  |TAMS 0x0000000088000000| PB 0x0000000088000000| Untracked |  0
|  75|0x0000000088100000, 0x0000000088100000, 0x0000000088200000|  0%| F|  |TAMS 0x0000000088100000| PB 0x0000000088100000| Untracked |  0
|  76|0x0000000088200000, 0x0000000088200000, 0x0000000088300000|  0%| F|  |TAMS 0x0000000088200000| PB 0x0000000088200000| Untracked |  0
|  77|0x0000000088300000, 0x0000000088300000, 0x0000000088400000|  0%| F|  |TAMS 0x0000000088300000| PB 0x0000000088300000| Untracked |  0
|  78|0x0000000088400000, 0x0000000088400000, 0x0000000088500000|  0%| F|  |TAMS 0x0000000088400000| PB 0x0000000088400000| Untracked |  0
|  79|0x0000000088500000, 0x0000000088500000, 0x0000000088600000|  0%| F|  |TAMS 0x0000000088500000| PB 0x0000000088500000| Untracked |  0
|  80|0x0000000088600000, 0x0000000088600000, 0x0000000088700000|  0%| F|  |TAMS 0x0000000088600000| PB 0x0000000088600000| Untracked |  0
|  81|0x0000000088700000, 0x0000000088700000, 0x0000000088800000|  0%| F|  |TAMS 0x0000000088700000| PB 0x0000000088700000| Untracked |  0
|  82|0x0000000088800000, 0x0000000088800000, 0x0000000088900000|  0%| F|  |TAMS 0x0000000088800000| PB 0x0000000088800000| Untracked |  0
|  83|0x0000000088900000, 0x0000000088900000, 0x0000000088a00000|  0%| F|  |TAMS 0x0000000088900000| PB 0x0000000088900000| Untracked |  0
|  84|0x0000000088a00000, 0x0000000088a00000, 0x0000000088b00000|  0%| F|  |TAMS 0x0000000088a00000| PB 0x0000000088a00000| Untracked |  0
|  85|0x0000000088b00000, 0x0000000088b00000, 0x0000000088c00000|  0%| F|  |TAMS 0x0000000088b00000| PB 0x0000000088b00000| Untracked |  0
|  86|0x0000000088c00000, 0x0000000088c00000, 0x0000000088d00000|  0%| F|  |TAMS 0x0000000088c00000| PB 0x0000000088c00000| Untracked |  0
|  87|0x0000000088d00000, 0x0000000088d00000, 0x0000000088e00000|  0%| F|  |TAMS 0x0000000088d00000| PB 0x0000000088d00000| Untracked |  0
|  88|0x0000000088e00000, 0x0000000088e00000, 0x0000000088f00000|  0%| F|  |TAMS 0x0000000088e00000| PB 0x0000000088e00000| Untracked |  0
|  89|0x0000000088f00000, 0x0000000088f00000, 0x0000000089000000|  0%| F|  |TAMS 0x0000000088f00000| PB 0x0000000088f00000| Untracked |  0
|  90|0x0000000089000000, 0x0000000089000000, 0x0000000089100000|  0%| F|  |TAMS 0x0000000089000000| PB 0x0000000089000000| Untracked |  0
|  91|0x0000000089100000, 0x0000000089100000, 0x0000000089200000|  0%| F|  |TAMS 0x0000000089100000| PB 0x0000000089100000| Untracked |  0
|  92|0x0000000089200000, 0x0000000089200000, 0x0000000089300000|  0%| F|  |TAMS 0x0000000089200000| PB 0x0000000089200000| Untracked |  0
|  93|0x0000000089300000, 0x0000000089300000, 0x0000000089400000|  0%| F|  |TAMS 0x0000000089300000| PB 0x0000000089300000| Untracked |  0
|  94|0x0000000089400000, 0x0000000089400000, 0x0000000089500000|  0%| F|  |TAMS 0x0000000089400000| PB 0x0000000089400000| Untracked |  0
|  95|0x0000000089500000, 0x0000000089500000, 0x0000000089600000|  0%| F|  |TAMS 0x0000000089500000| PB 0x0000000089500000| Untracked |  0
|  96|0x0000000089600000, 0x0000000089600000, 0x0000000089700000|  0%| F|  |TAMS 0x0000000089600000| PB 0x0000000089600000| Untracked |  0
|  97|0x0000000089700000, 0x0000000089700000, 0x0000000089800000|  0%| F|  |TAMS 0x0000000089700000| PB 0x0000000089700000| Untracked |  0
|  98|0x0000000089800000, 0x0000000089800000, 0x0000000089900000|  0%| F|  |TAMS 0x0000000089800000| PB 0x0000000089800000| Untracked |  0
|  99|0x0000000089900000, 0x0000000089a00000, 0x0000000089a00000|100%| S|  |TAMS 0x0000000089900000| PB 0x0000000089900000| Complete |  0
| 100|0x0000000089a00000, 0x0000000089b00000, 0x0000000089b00000|100%| S|  |TAMS 0x0000000089a00000| PB 0x0000000089a00000| Complete |  0
| 101|0x0000000089b00000, 0x0000000089c00000, 0x0000000089c00000|100%| S|  |TAMS 0x0000000089b00000| PB 0x0000000089b00000| Complete |  0
| 102|0x0000000089c00000, 0x0000000089d00000, 0x0000000089d00000|100%| E|CS|TAMS 0x0000000089c00000| PB 0x0000000089c00000| Complete |  0
| 103|0x0000000089d00000, 0x0000000089e00000, 0x0000000089e00000|100%| E|CS|TAMS 0x0000000089d00000| PB 0x0000000089d00000| Complete |  0
| 104|0x0000000089e00000, 0x0000000089f00000, 0x0000000089f00000|100%| E|CS|TAMS 0x0000000089e00000| PB 0x0000000089e00000| Complete |  0
| 105|0x0000000089f00000, 0x000000008a000000, 0x000000008a000000|100%| E|CS|TAMS 0x0000000089f00000| PB 0x0000000089f00000| Complete |  0
| 106|0x000000008a000000, 0x000000008a100000, 0x000000008a100000|100%| E|CS|TAMS 0x000000008a000000| PB 0x000000008a000000| Complete |  0
| 107|0x000000008a100000, 0x000000008a200000, 0x000000008a200000|100%| E|CS|TAMS 0x000000008a100000| PB 0x000000008a100000| Complete |  0
| 108|0x000000008a200000, 0x000000008a300000, 0x000000008a300000|100%| E|CS|TAMS 0x000000008a200000| PB 0x000000008a200000| Complete |  0
| 109|0x000000008a300000, 0x000000008a400000, 0x000000008a400000|100%| E|CS|TAMS 0x000000008a300000| PB 0x000000008a300000| Complete |  0
| 110|0x000000008a400000, 0x000000008a500000, 0x000000008a500000|100%| E|CS|TAMS 0x000000008a400000| PB 0x000000008a400000| Complete |  0
| 111|0x000000008a500000, 0x000000008a600000, 0x000000008a600000|100%| E|CS|TAMS 0x000000008a500000| PB 0x000000008a500000| Complete |  0
| 112|0x000000008a600000, 0x000000008a700000, 0x000000008a700000|100%| E|CS|TAMS 0x000000008a600000| PB 0x000000008a600000| Complete |  0
| 113|0x000000008a700000, 0x000000008a800000, 0x000000008a800000|100%| E|CS|TAMS 0x000000008a700000| PB 0x000000008a700000| Complete |  0
| 114|0x000000008a800000, 0x000000008a900000, 0x000000008a900000|100%| E|CS|TAMS 0x000000008a800000| PB 0x000000008a800000| Complete |  0
| 115|0x000000008a900000, 0x000000008aa00000, 0x000000008aa00000|100%| E|CS|TAMS 0x000000008a900000| PB 0x000000008a900000| Complete |  0
| 116|0x000000008aa00000, 0x000000008ab00000, 0x000000008ab00000|100%| E|CS|TAMS 0x000000008aa00000| PB 0x000000008aa00000| Complete |  0
| 117|0x000000008ab00000, 0x000000008ac00000, 0x000000008ac00000|100%| E|CS|TAMS 0x000000008ab00000| PB 0x000000008ab00000| Complete |  0
| 118|0x000000008ac00000, 0x000000008ad00000, 0x000000008ad00000|100%| E|CS|TAMS 0x000000008ac00000| PB 0x000000008ac00000| Complete |  0
| 119|0x000000008ad00000, 0x000000008ae00000, 0x000000008ae00000|100%| E|CS|TAMS 0x000000008ad00000| PB 0x000000008ad00000| Complete |  0
| 120|0x000000008ae00000, 0x000000008af00000, 0x000000008af00000|100%| E|CS|TAMS 0x000000008ae00000| PB 0x000000008ae00000| Complete |  0
| 121|0x000000008af00000, 0x000000008b000000, 0x000000008b000000|100%| E|CS|TAMS 0x000000008af00000| PB 0x000000008af00000| Complete |  0
| 122|0x000000008b000000, 0x000000008b100000, 0x000000008b100000|100%| E|CS|TAMS 0x000000008b000000| PB 0x000000008b000000| Complete |  0
| 123|0x000000008b100000, 0x000000008b200000, 0x000000008b200000|100%| E|CS|TAMS 0x000000008b100000| PB 0x000000008b100000| Complete |  0
| 124|0x000000008b200000, 0x000000008b300000, 0x000000008b300000|100%| E|CS|TAMS 0x000000008b200000| PB 0x000000008b200000| Complete |  0
| 125|0x000000008b300000, 0x000000008b400000, 0x000000008b400000|100%| E|CS|TAMS 0x000000008b300000| PB 0x000000008b300000| Complete |  0

Card table byte_map: [0x0000020459600000,0x00000204599f0000] _byte_map_base: 0x00000204591e5000

Marking Bits: (CMBitMap*) 0x00000204417e5270
 Bits: [0x00000204599f0000, 0x000002045b918000)

Polling page: 0x000002043f750000

Metaspace:

Usage:
  Non-class:      4.02 MB used.
      Class:    567.59 KB used.
       Both:      4.57 MB used.

Virtual space:
  Non-class space:       64.00 MB reserved,       4.12 MB (  6%) committed,  1 nodes.
      Class space:        1.00 GB reserved,     640.00 KB ( <1%) committed,  1 nodes.
             Both:        1.06 GB reserved,       4.75 MB ( <1%) committed. 

Chunk freelists:
   Non-Class:  9.65 MB
       Class:  15.34 MB
        Both:  24.99 MB

MaxMetaspaceSize: unlimited
CompressedClassSpaceSize: 1.00 GB
Initial GC threshold: 21.00 MB
Current GC threshold: 21.00 MB
CDS: on
 - commit_granule_bytes: 65536.
 - commit_granule_words: 8192.
 - virtual_space_node_default_size: 8388608.
 - enlarge_chunks_in_place: 1.
 - use_allocation_guard: 0.


Internal statistics:

num_allocs_failed_limit: 0.
num_arena_births: 118.
num_arena_deaths: 0.
num_vsnodes_births: 2.
num_vsnodes_deaths: 0.
num_space_committed: 76.
num_space_uncommitted: 0.
num_chunks_returned_to_freelist: 0.
num_chunks_taken_from_freelist: 250.
num_chunk_merges: 0.
num_chunk_splits: 171.
num_chunks_enlarged: 114.
num_inconsistent_stats: 0.

CodeHeap 'non-profiled nmethods': size=120064Kb used=350Kb max_used=350Kb free=119713Kb
 bounds [0x00000204519a0000, 0x0000020451c10000, 0x0000020458ee0000]
CodeHeap 'profiled nmethods': size=120000Kb used=1230Kb max_used=1230Kb free=118769Kb
 bounds [0x0000020449ee0000, 0x000002044a150000, 0x0000020451410000]
CodeHeap 'non-nmethods': size=5696Kb used=1434Kb max_used=1452Kb free=4261Kb
 bounds [0x0000020451410000, 0x0000020451680000, 0x00000204519a0000]
CodeCache: size=245760Kb, used=3014Kb, max_used=3032Kb, free=242743Kb
 total_blobs=1605, nmethods=1072, adapters=439, full_count=0
Compilation: enabled, stopped_count=0, restarted_count=0

Compilation events (20 events):
Event: 0.824 Thread 0x000002045e3effe0 1066       3       sun.util.locale.LocaleUtils::caseIgnoreMatch (73 bytes)
Event: 0.825 Thread 0x000002045e3effe0 nmethod 1066 0x000002044a012088 code [0x000002044a0122e0, 0x000002044a0133a0]
Event: 0.842 Thread 0x000002045e38d480 nmethod 1067 0x00000204519f4088 code [0x00000204519f4200, 0x00000204519f4cf8]
Event: 0.843 Thread 0x000002045e3effe0 1068       3       sun.util.locale.BaseLocale::equals (83 bytes)
Event: 0.844 Thread 0x000002045e3effe0 nmethod 1068 0x000002044a013488 code [0x000002044a013600, 0x000002044a013b48]
Event: 0.845 Thread 0x000002045e38d480 1069       4       sun.util.locale.BaseLocale::getInstance (148 bytes)
Event: 0.857 Thread 0x000002045e569a10 nmethod 1065 0x00000204519f4e08 code [0x00000204519f4f80, 0x00000204519f5c08]
Event: 0.859 Thread 0x000002045e569a10 1070       4       java.util.Objects::equals (23 bytes)
Event: 0.860 Thread 0x000002045e569a10 nmethod 1070 0x00000204519f5c88 code [0x00000204519f5d80, 0x00000204519f5e40]
Event: 0.862 Thread 0x000002045e569a10 1071       4       java.util.Locale::hashCode (41 bytes)
Event: 0.864 Thread 0x000002045e569a10 nmethod 1071 0x00000204519f5f88 code [0x00000204519f60a0, 0x00000204519f6198]
Event: 0.864 Thread 0x000002045e569a10 1072       4       java.util.HashMap$HashIterator::hasNext (13 bytes)
Event: 0.865 Thread 0x000002045e569a10 nmethod 1072 0x00000204519f6288 code [0x00000204519f6380, 0x00000204519f6400]
Event: 0.867 Thread 0x000002045e569a10 1073       4       jdk.internal.util.ReferencedKeyMap::get (10 bytes)
Event: 0.888 Thread 0x000002045e569a10 nmethod 1073 0x00000204519f6588 code [0x00000204519f6720, 0x00000204519f6fc0]
Event: 0.891 Thread 0x000002045e569a10 1074       4       sun.util.locale.StringTokenIterator::nextDelimiter (116 bytes)
Event: 0.894 Thread 0x000002045e569a10 nmethod 1074 0x00000204519f7108 code [0x00000204519f7220, 0x00000204519f7448]
Event: 0.895 Thread 0x000002045e569a10 1075       4       sun.util.locale.LocaleUtils::isAlphaString (33 bytes)
Event: 0.899 Thread 0x000002045e569a10 nmethod 1075 0x00000204519f7508 code [0x00000204519f7620, 0x00000204519f77d8]
Event: 0.899 Thread 0x000002045e569a10 1076       4       sun.util.locale.StringTokenIterator::next (74 bytes)

GC Heap History (0 events):
No events

Dll operation events (20 events):
Event: 0.471 Loaded shared library C:\Program Files\Java\javafx-sdk-24.0.2\bin\api-ms-win-crt-heap-l1-1-0.dll
Event: 0.472 Loaded shared library C:\Program Files\Java\javafx-sdk-24.0.2\bin\api-ms-win-crt-locale-l1-1-0.dll
Event: 0.474 Loaded shared library C:\Program Files\Java\javafx-sdk-24.0.2\bin\api-ms-win-crt-math-l1-1-0.dll
Event: 0.475 Loaded shared library C:\Program Files\Java\javafx-sdk-24.0.2\bin\api-ms-win-crt-multibyte-l1-1-0.dll
Event: 0.477 Loaded shared library C:\Program Files\Java\javafx-sdk-24.0.2\bin\api-ms-win-crt-private-l1-1-0.dll
Event: 0.479 Loaded shared library C:\Program Files\Java\javafx-sdk-24.0.2\bin\api-ms-win-crt-process-l1-1-0.dll
Event: 0.480 Loaded shared library C:\Program Files\Java\javafx-sdk-24.0.2\bin\api-ms-win-crt-runtime-l1-1-0.dll
Event: 0.482 Loaded shared library C:\Program Files\Java\javafx-sdk-24.0.2\bin\api-ms-win-crt-stdio-l1-1-0.dll
Event: 0.484 Loaded shared library C:\Program Files\Java\javafx-sdk-24.0.2\bin\api-ms-win-crt-string-l1-1-0.dll
Event: 0.485 Loaded shared library C:\Program Files\Java\javafx-sdk-24.0.2\bin\api-ms-win-crt-time-l1-1-0.dll
Event: 0.487 Loaded shared library C:\Program Files\Java\javafx-sdk-24.0.2\bin\api-ms-win-crt-utility-l1-1-0.dll
Event: 0.489 Loaded shared library C:\Program Files\Java\javafx-sdk-24.0.2\bin\ucrtbase.dll
Event: 0.490 Loaded shared library C:\Program Files\Java\javafx-sdk-24.0.2\bin\vcruntime140.dll
Event: 0.492 Loaded shared library C:\Program Files\Java\javafx-sdk-24.0.2\bin\vcruntime140_1.dll
Event: 0.493 Loaded shared library C:\Program Files\Java\javafx-sdk-24.0.2\bin\msvcp140.dll
Event: 0.494 Loaded shared library C:\Program Files\Java\javafx-sdk-24.0.2\bin\msvcp140_1.dll
Event: 0.496 Loaded shared library C:\Program Files\Java\javafx-sdk-24.0.2\bin\msvcp140_2.dll
Event: 0.532 Loaded shared library C:\Program Files\Java\javafx-sdk-24.0.2\bin\prism_d3d.dll
Event: 0.565 Loaded shared library C:\Program Files\Java\javafx-sdk-24.0.2\bin\glass.dll
Event: 0.743 Loaded shared library C:\Program Files\Java\jdk-23\bin\jimage.dll

Deoptimization events (20 events):
Event: 0.561 Thread 0x000002043f48c5e0 Uncommon trap: trap_request=0xffffffc6 fr.pc=0x00000204519c483c relative=0x0000000000000c3c
Event: 0.561 Thread 0x000002043f48c5e0 Uncommon trap: reason=bimorphic_or_optimized_type_check action=maybe_recompile pc=0x00000204519c483c method=java.util.HashMap.putVal(ILjava/lang/Object;Ljava/lang/Object;ZZ)Ljava/lang/Object; @ 56 c2
Event: 0.561 Thread 0x000002043f48c5e0 DEOPT PACKING pc=0x00000204519c483c sp=0x000000e0d23fddf0
Event: 0.561 Thread 0x000002043f48c5e0 DEOPT UNPACKING pc=0x0000020451464402 sp=0x000000e0d23fdd78 mode 2
Event: 0.561 Thread 0x000002043f48c5e0 Uncommon trap: trap_request=0xffffffc6 fr.pc=0x00000204519c483c relative=0x0000000000000c3c
Event: 0.561 Thread 0x000002043f48c5e0 Uncommon trap: reason=bimorphic_or_optimized_type_check action=maybe_recompile pc=0x00000204519c483c method=java.util.HashMap.putVal(ILjava/lang/Object;Ljava/lang/Object;ZZ)Ljava/lang/Object; @ 56 c2
Event: 0.561 Thread 0x000002043f48c5e0 DEOPT PACKING pc=0x00000204519c483c sp=0x000000e0d23fddf0
Event: 0.561 Thread 0x000002043f48c5e0 DEOPT UNPACKING pc=0x0000020451464402 sp=0x000000e0d23fdd78 mode 2
Event: 0.561 Thread 0x000002043f48c5e0 Uncommon trap: trap_request=0xffffffc6 fr.pc=0x00000204519c483c relative=0x0000000000000c3c
Event: 0.561 Thread 0x000002043f48c5e0 Uncommon trap: reason=bimorphic_or_optimized_type_check action=maybe_recompile pc=0x00000204519c483c method=java.util.HashMap.putVal(ILjava/lang/Object;Ljava/lang/Object;ZZ)Ljava/lang/Object; @ 56 c2
Event: 0.561 Thread 0x000002043f48c5e0 DEOPT PACKING pc=0x00000204519c483c sp=0x000000e0d23fddf0
Event: 0.561 Thread 0x000002043f48c5e0 DEOPT UNPACKING pc=0x0000020451464402 sp=0x000000e0d23fdd78 mode 2
Event: 0.561 Thread 0x000002043f48c5e0 Uncommon trap: trap_request=0xffffffc6 fr.pc=0x00000204519c483c relative=0x0000000000000c3c
Event: 0.561 Thread 0x000002043f48c5e0 Uncommon trap: reason=bimorphic_or_optimized_type_check action=maybe_recompile pc=0x00000204519c483c method=java.util.HashMap.putVal(ILjava/lang/Object;Ljava/lang/Object;ZZ)Ljava/lang/Object; @ 56 c2
Event: 0.561 Thread 0x000002043f48c5e0 DEOPT PACKING pc=0x00000204519c483c sp=0x000000e0d23fddf0
Event: 0.561 Thread 0x000002043f48c5e0 DEOPT UNPACKING pc=0x0000020451464402 sp=0x000000e0d23fdd78 mode 2
Event: 0.817 Thread 0x000002045e489100 Uncommon trap: trap_request=0xffffff45 fr.pc=0x00000204519f0c28 relative=0x0000000000000148
Event: 0.817 Thread 0x000002045e489100 Uncommon trap: reason=unstable_if action=reinterpret pc=0x00000204519f0c28 method=java.util.regex.Pattern$BmpCharPropertyGreedy.match(Ljava/util/regex/Matcher;ILjava/lang/CharSequence;)Z @ 12 c2
Event: 0.817 Thread 0x000002045e489100 DEOPT PACKING pc=0x00000204519f0c28 sp=0x000000e0d39fb0b0
Event: 0.817 Thread 0x000002045e489100 DEOPT UNPACKING pc=0x0000020451464402 sp=0x000000e0d39fb048 mode 2

Classes loaded (20 events):
Event: 0.751 Loading class java/io/InputStreamReader
Event: 0.751 Loading class java/io/InputStreamReader done
Event: 0.751 Loading class javax/xml/stream/XMLStreamReader
Event: 0.752 Loading class javax/xml/stream/XMLStreamConstants
Event: 0.752 Loading class javax/xml/stream/XMLStreamConstants done
Event: 0.752 Loading class javax/xml/stream/XMLStreamReader done
Event: 0.752 Loading class sun/net/www/protocol/jrt/Handler
Event: 0.752 Loading class sun/net/www/protocol/jrt/Handler done
Event: 0.759 Loading class java/lang/NoSuchFieldError
Event: 0.759 Loading class java/lang/NoSuchFieldError done
Event: 0.760 Loading class sun/util/locale/provider/LocaleServiceProviderPool$AllAvailableLocales
Event: 0.760 Loading class sun/util/locale/provider/LocaleServiceProviderPool$AllAvailableLocales done
Event: 0.763 Loading class sun/util/locale/provider/FallbackLocaleProviderAdapter
Event: 0.763 Loading class sun/util/locale/provider/FallbackLocaleProviderAdapter done
Event: 0.764 Loading class sun/util/locale/provider/BreakIteratorProviderImpl
Event: 0.764 Loading class sun/util/locale/provider/BreakIteratorProviderImpl done
Event: 0.764 Loading class sun/util/locale/provider/BaseLocaleDataMetaInfo
Event: 0.764 Loading class sun/util/locale/provider/BaseLocaleDataMetaInfo done
Event: 0.767 Loading class sun/util/locale/provider/CollatorProviderImpl
Event: 0.767 Loading class sun/util/locale/provider/CollatorProviderImpl done

Classes unloaded (0 events):
No events

Classes redefined (0 events):
No events

Internal exceptions (10 events):
Event: 0.342 Thread 0x000002043f48c5e0 Exception <a 'java/lang/NoSuchMethodError'{0x000000008ab8a6f8}: 'void java.lang.invoke.DirectMethodHandle$Holder.invokeSpecial(java.lang.Object, java.lang.Object, java.lang.Object)'> (0x000000008ab8a6f8) 
thrown [s\open\src\hotspot\share\interpreter\linkResolver.cpp, line 796]
Event: 0.345 Thread 0x000002043f48c5e0 Exception <a 'java/lang/NoSuchMethodError'{0x000000008ab93e78}: 'void java.lang.invoke.DirectMethodHandle$Holder.invokeStatic(java.lang.Object, int, java.lang.Object)'> (0x000000008ab93e78) 
thrown [s\open\src\hotspot\share\interpreter\linkResolver.cpp, line 796]
Event: 0.370 Thread 0x000002043f48c5e0 Exception <a 'java/lang/NoSuchMethodError'{0x000000008abd9a18}: 'void java.lang.invoke.DirectMethodHandle$Holder.invokeStatic(java.lang.Object, java.lang.Object, java.lang.Object, java.lang.Object)'> (0x000000008abd9a18) 
thrown [s\open\src\hotspot\share\interpreter\linkResolver.cpp, line 796]
Event: 0.371 Thread 0x000002043f48c5e0 Exception <a 'java/lang/NoSuchMethodError'{0x000000008abdd738}: 'void java.lang.invoke.DirectMethodHandle$Holder.invokeSpecial(java.lang.Object, java.lang.Object, java.lang.Object, java.lang.Object, java.lang.Object)'> (0x000000008abdd738) 
thrown [s\open\src\hotspot\share\interpreter\linkResolver.cpp, line 796]
Event: 0.374 Thread 0x000002043f48c5e0 Exception <a 'java/lang/NoSuchMethodError'{0x000000008abefa90}: 'void java.lang.invoke.DirectMethodHandle$Holder.invokeStatic(java.lang.Object, java.lang.Object)'> (0x000000008abefa90) 
thrown [s\open\src\hotspot\share\interpreter\linkResolver.cpp, line 796]
Event: 0.547 Thread 0x000002043f48c5e0 Exception <a 'java/lang/NoSuchMethodError'{0x000000008a7c8038}: 'int java.lang.invoke.DirectMethodHandle$Holder.invokeStaticInit(java.lang.Object, java.lang.Object, java.lang.Object)'> (0x000000008a7c8038) 
thrown [s\open\src\hotspot\share\interpreter\linkResolver.cpp, line 796]
Event: 0.569 Thread 0x000002043f48c5e0 Exception <a 'java/lang/NoSuchMethodError'{0x000000008a51feb0}: 'java.lang.Object java.lang.invoke.DirectMethodHandle$Holder.newInvokeSpecial(java.lang.Object, java.lang.Object, int, java.lang.Object)'> (0x000000008a51feb0) 
thrown [s\open\src\hotspot\share\interpreter\linkResolver.cpp, line 796]
Event: 0.570 Thread 0x000002043f48c5e0 Exception <a 'java/lang/NoSuchMethodError'{0x000000008a524100}: 'java.lang.Object java.lang.invoke.DirectMethodHandle$Holder.invokeSpecial(java.lang.Object, java.lang.Object, java.lang.Object, int, java.lang.Object)'> (0x000000008a524100) 
thrown [s\open\src\hotspot\share\interpreter\linkResolver.cpp, line 796]
Event: 0.696 Thread 0x000002045e489100 Exception <a 'java/lang/NoSuchMethodError'{0x000000008a16ec58}: 'void java.lang.invoke.DirectMethodHandle$Holder.invokeStaticInit(java.lang.Object)'> (0x000000008a16ec58) 
thrown [s\open\src\hotspot\share\interpreter\linkResolver.cpp, line 796]
Event: 0.700 Thread 0x000002043f48c5e0 Exception <a 'java/lang/NoSuchMethodError'{0x000000008a52e188}: 'java.lang.Object java.lang.invoke.DirectMethodHandle$Holder.newInvokeSpecial(java.lang.Object, java.lang.Object, java.lang.Object, java.lang.Object, java.lang.Object, java.lang.Object)'> (0x000000008a52e188) 
thrown [s\open\src\hotspot\share\interpreter\linkResolver.cpp, line 796]

VM Operations (8 events):
Event: 0.147 Executing VM operation: HandshakeAllThreads (Deoptimize)
Event: 0.147 Executing VM operation: HandshakeAllThreads (Deoptimize) done
Event: 0.249 Executing VM operation: HandshakeAllThreads (Deoptimize)
Event: 0.249 Executing VM operation: HandshakeAllThreads (Deoptimize) done
Event: 0.561 Executing VM operation: HandshakeAllThreads (Deoptimize)
Event: 0.561 Executing VM operation: HandshakeAllThreads (Deoptimize) done
Event: 0.766 Executing VM operation: HandshakeAllThreads (Deoptimize)
Event: 0.766 Executing VM operation: HandshakeAllThreads (Deoptimize) done

Memory protections (0 events):
No events

Nmethod flushes (0 events):
No events

Events (19 events):
Event: 0.048 Thread 0x000002043f48c5e0 Thread added: 0x000002043f48c5e0
Event: 0.072 Thread 0x000002043f48c5e0 Thread added: 0x000002045e36f980
Event: 0.073 Thread 0x000002043f48c5e0 Thread added: 0x000002045e3708a0
Event: 0.073 Thread 0x000002043f48c5e0 Thread added: 0x000002045e372d00
Event: 0.073 Thread 0x000002043f48c5e0 Thread added: 0x000002045e375770
Event: 0.073 Thread 0x000002043f48c5e0 Thread added: 0x000002045e37e1e0
Event: 0.074 Thread 0x000002043f48c5e0 Thread added: 0x000002045e37f980
Event: 0.074 Thread 0x000002043f48c5e0 Thread added: 0x000002045e38d480
Event: 0.081 Thread 0x000002043f48c5e0 Thread added: 0x000002045e3effe0
Event: 0.124 Thread 0x000002043f48c5e0 Thread added: 0x000002045e487d50
Event: 0.191 Thread 0x000002045e3effe0 Thread added: 0x000002045e569a10
Event: 0.193 Thread 0x000002045e3effe0 Thread added: 0x000002045e56b7f0
Event: 0.269 Thread 0x000002043f48c5e0 Thread added: 0x000002045e4876c0
Event: 0.526 Thread 0x000002043f48c5e0 Thread added: 0x000002045e487030
Event: 0.567 Thread 0x000002043f48c5e0 Thread added: 0x000002045e4869a0
Event: 0.571 Thread 0x000002043f48c5e0 Thread added: 0x000002045e489100
Event: 0.619 Thread 0x000002045e56b7f0 Thread exited: 0x000002045e56b7f0
Event: 0.708 Thread 0x000002043f48c5e0 Thread added: 0x000002045e489790
Event: 0.719 Thread 0x000002045e486310 Thread added: 0x000002045e486310


Dynamic libraries:
0x00007ff70cf00000 - 0x00007ff70cf10000 	C:\Program Files\Java\jdk-23\bin\javaw.exe
0x00007ffea5410000 - 0x00007ffea5608000 	C:\Windows\SYSTEM32\ntdll.dll
0x00007ffea3d60000 - 0x00007ffea3e22000 	C:\Windows\System32\KERNEL32.DLL
0x00007ffea2bf0000 - 0x00007ffea2ee6000 	C:\Windows\System32\KERNELBASE.dll
0x00007ffea2af0000 - 0x00007ffea2bf0000 	C:\Windows\System32\ucrtbase.dll
0x00007ffe87d40000 - 0x00007ffe87d5b000 	C:\Program Files\Java\jdk-23\bin\VCRUNTIME140.dll
0x00007ffe8b530000 - 0x00007ffe8b547000 	C:\Program Files\Java\jdk-23\bin\jli.dll
0x00007ffea5110000 - 0x00007ffea52ad000 	C:\Windows\System32\USER32.dll
0x00007ffe87e40000 - 0x00007ffe880da000 	C:\Windows\WinSxS\amd64_microsoft.windows.common-controls_6595b64144ccf1df_6.0.19041.5915_none_60b4b9d171f9c7c7\COMCTL32.dll
0x00007ffea32d0000 - 0x00007ffea32f2000 	C:\Windows\System32\win32u.dll
0x00007ffea5070000 - 0x00007ffea510e000 	C:\Windows\System32\msvcrt.dll
0x00007ffea3bf0000 - 0x00007ffea3c1b000 	C:\Windows\System32\GDI32.dll
0x00007ffea30f0000 - 0x00007ffea3209000 	C:\Windows\System32\gdi32full.dll
0x00007ffea3050000 - 0x00007ffea30ed000 	C:\Windows\System32\msvcp_win.dll
0x00007ffea49e0000 - 0x00007ffea4a0f000 	C:\Windows\System32\IMM32.DLL
0x00007ffea1150000 - 0x00007ffea115c000 	C:\Program Files\Java\jdk-23\bin\vcruntime140_1.dll
0x00007ffe790a0000 - 0x00007ffe7912e000 	C:\Program Files\Java\jdk-23\bin\msvcp140.dll
0x00007ffe5a040000 - 0x00007ffe5ad90000 	C:\Program Files\Java\jdk-23\bin\server\jvm.dll
0x00007ffea5310000 - 0x00007ffea53c1000 	C:\Windows\System32\ADVAPI32.dll
0x00007ffea4fd0000 - 0x00007ffea506f000 	C:\Windows\System32\sechost.dll
0x00007ffea45a0000 - 0x00007ffea46c3000 	C:\Windows\System32\RPCRT4.dll
0x00007ffea3210000 - 0x00007ffea3237000 	C:\Windows\System32\bcrypt.dll
0x00007ffea46d0000 - 0x00007ffea473b000 	C:\Windows\System32\WS2_32.dll
0x00007ffea2030000 - 0x00007ffea207b000 	C:\Windows\SYSTEM32\POWRPROF.dll
0x00007ffe8c040000 - 0x00007ffe8c067000 	C:\Windows\SYSTEM32\WINMM.dll
0x00007ffea0d80000 - 0x00007ffea0d8a000 	C:\Windows\SYSTEM32\VERSION.dll
0x00007ffea1ea0000 - 0x00007ffea1eb2000 	C:\Windows\SYSTEM32\UMPDC.dll
0x00007ffea12c0000 - 0x00007ffea12d2000 	C:\Windows\SYSTEM32\kernel.appcore.dll
0x00007ffea1130000 - 0x00007ffea113a000 	C:\Program Files\Java\jdk-23\bin\jimage.dll
0x00007ffea0380000 - 0x00007ffea0581000 	C:\Windows\SYSTEM32\DBGHELP.DLL
0x00007ffe80b10000 - 0x00007ffe80b44000 	C:\Windows\SYSTEM32\dbgcore.DLL
0x00007ffea3240000 - 0x00007ffea32c2000 	C:\Windows\System32\bcryptPrimitives.dll
0x00007ffe84560000 - 0x00007ffe8457e000 	C:\Program Files\Java\jdk-23\bin\java.dll
0x00007ffea3c20000 - 0x00007ffea3d4b000 	C:\Windows\System32\ole32.dll
0x00007ffea36f0000 - 0x00007ffea3a43000 	C:\Windows\System32\combase.dll
0x00007ffea3e30000 - 0x00007ffea459e000 	C:\Windows\System32\SHELL32.dll
0x00007ffea0590000 - 0x00007ffea0d34000 	C:\Windows\SYSTEM32\windows.storage.dll
0x00007ffea24d0000 - 0x00007ffea24fb000 	C:\Windows\SYSTEM32\Wldp.dll
0x00007ffea4a10000 - 0x00007ffea4add000 	C:\Windows\System32\OLEAUT32.dll
0x00007ffea4850000 - 0x00007ffea48fd000 	C:\Windows\System32\SHCORE.dll
0x00007ffea3a70000 - 0x00007ffea3acb000 	C:\Windows\System32\shlwapi.dll
0x00007ffea29d0000 - 0x00007ffea29f4000 	C:\Windows\SYSTEM32\profapi.dll
0x00007ffe6c7a0000 - 0x00007ffe6c877000 	C:\Program Files\Java\jdk-23\bin\jsvml.dll
0x00007ffea1070000 - 0x00007ffea1080000 	C:\Program Files\Java\jdk-23\bin\net.dll
0x00007ffea2230000 - 0x00007ffea229a000 	C:\Windows\system32\mswsock.dll
0x00007ffe82310000 - 0x00007ffe82326000 	C:\Program Files\Java\jdk-23\bin\nio.dll
0x00007ffe819d0000 - 0x00007ffe819e7000 	C:\Program Files\Java\jdk-23\bin\zip.dll
0x000002043f790000 - 0x000002043f794000 	C:\Program Files\Java\javafx-sdk-24.0.2\bin\api-ms-win-core-console-l1-1-0.dll
0x000002043f7a0000 - 0x000002043f7a4000 	C:\Program Files\Java\javafx-sdk-24.0.2\bin\api-ms-win-core-console-l1-2-0.dll
0x0000020441720000 - 0x0000020441724000 	C:\Program Files\Java\javafx-sdk-24.0.2\bin\api-ms-win-core-datetime-l1-1-0.dll
0x0000020441730000 - 0x0000020441734000 	C:\Program Files\Java\javafx-sdk-24.0.2\bin\api-ms-win-core-debug-l1-1-0.dll
0x0000020441740000 - 0x0000020441744000 	C:\Program Files\Java\javafx-sdk-24.0.2\bin\api-ms-win-core-errorhandling-l1-1-0.dll
0x0000020441750000 - 0x0000020441755000 	C:\Program Files\Java\javafx-sdk-24.0.2\bin\api-ms-win-core-file-l1-1-0.dll
0x000002045e8f0000 - 0x000002045e8f4000 	C:\Program Files\Java\javafx-sdk-24.0.2\bin\api-ms-win-core-file-l1-2-0.dll
0x000002045e900000 - 0x000002045e904000 	C:\Program Files\Java\javafx-sdk-24.0.2\bin\api-ms-win-core-file-l2-1-0.dll
0x000002045e910000 - 0x000002045e914000 	C:\Program Files\Java\javafx-sdk-24.0.2\bin\api-ms-win-core-handle-l1-1-0.dll
0x000002045e920000 - 0x000002045e924000 	C:\Program Files\Java\javafx-sdk-24.0.2\bin\api-ms-win-core-heap-l1-1-0.dll
0x000002045e930000 - 0x000002045e934000 	C:\Program Files\Java\javafx-sdk-24.0.2\bin\api-ms-win-core-interlocked-l1-1-0.dll
0x000002045e940000 - 0x000002045e944000 	C:\Program Files\Java\javafx-sdk-24.0.2\bin\api-ms-win-core-libraryloader-l1-1-0.dll
0x000002045e950000 - 0x000002045e954000 	C:\Program Files\Java\javafx-sdk-24.0.2\bin\api-ms-win-core-localization-l1-2-0.dll
0x000002045e960000 - 0x000002045e964000 	C:\Program Files\Java\javafx-sdk-24.0.2\bin\api-ms-win-core-memory-l1-1-0.dll
0x000002045e970000 - 0x000002045e974000 	C:\Program Files\Java\javafx-sdk-24.0.2\bin\api-ms-win-core-namedpipe-l1-1-0.dll
0x000002045e980000 - 0x000002045e984000 	C:\Program Files\Java\javafx-sdk-24.0.2\bin\api-ms-win-core-processenvironment-l1-1-0.dll
0x000002045e990000 - 0x000002045e994000 	C:\Program Files\Java\javafx-sdk-24.0.2\bin\api-ms-win-core-processthreads-l1-1-0.dll
0x000002045e9a0000 - 0x000002045e9a4000 	C:\Program Files\Java\javafx-sdk-24.0.2\bin\api-ms-win-core-processthreads-l1-1-1.dll
0x000002045e9b0000 - 0x000002045e9b4000 	C:\Program Files\Java\javafx-sdk-24.0.2\bin\api-ms-win-core-profile-l1-1-0.dll
0x000002045e9c0000 - 0x000002045e9c4000 	C:\Program Files\Java\javafx-sdk-24.0.2\bin\api-ms-win-core-rtlsupport-l1-1-0.dll
0x000002045e9d0000 - 0x000002045e9d4000 	C:\Program Files\Java\javafx-sdk-24.0.2\bin\api-ms-win-core-string-l1-1-0.dll
0x000002045e9e0000 - 0x000002045e9e4000 	C:\Program Files\Java\javafx-sdk-24.0.2\bin\api-ms-win-core-synch-l1-1-0.dll
0x000002045e9f0000 - 0x000002045e9f4000 	C:\Program Files\Java\javafx-sdk-24.0.2\bin\api-ms-win-core-synch-l1-2-0.dll
0x000002045ea00000 - 0x000002045ea04000 	C:\Program Files\Java\javafx-sdk-24.0.2\bin\api-ms-win-core-sysinfo-l1-1-0.dll
0x000002045ea10000 - 0x000002045ea14000 	C:\Program Files\Java\javafx-sdk-24.0.2\bin\api-ms-win-core-timezone-l1-1-0.dll
0x000002045ea20000 - 0x000002045ea24000 	C:\Program Files\Java\javafx-sdk-24.0.2\bin\api-ms-win-core-util-l1-1-0.dll
0x000002045ea30000 - 0x000002045ea34000 	C:\Program Files\Java\javafx-sdk-24.0.2\bin\api-ms-win-crt-conio-l1-1-0.dll
0x000002045ea40000 - 0x000002045ea45000 	C:\Program Files\Java\javafx-sdk-24.0.2\bin\api-ms-win-crt-convert-l1-1-0.dll
0x000002045ea50000 - 0x000002045ea54000 	C:\Program Files\Java\javafx-sdk-24.0.2\bin\api-ms-win-crt-environment-l1-1-0.dll
0x000002045ea60000 - 0x000002045ea64000 	C:\Program Files\Java\javafx-sdk-24.0.2\bin\api-ms-win-crt-filesystem-l1-1-0.dll
0x000002045ea70000 - 0x000002045ea74000 	C:\Program Files\Java\javafx-sdk-24.0.2\bin\api-ms-win-crt-heap-l1-1-0.dll
0x000002045ea80000 - 0x000002045ea84000 	C:\Program Files\Java\javafx-sdk-24.0.2\bin\api-ms-win-crt-locale-l1-1-0.dll
0x000002045ea90000 - 0x000002045ea96000 	C:\Program Files\Java\javafx-sdk-24.0.2\bin\api-ms-win-crt-math-l1-1-0.dll
0x000002045eaa0000 - 0x000002045eaa6000 	C:\Program Files\Java\javafx-sdk-24.0.2\bin\api-ms-win-crt-multibyte-l1-1-0.dll
0x000002045eab0000 - 0x000002045eac1000 	C:\Program Files\Java\javafx-sdk-24.0.2\bin\api-ms-win-crt-private-l1-1-0.dll
0x000002045ead0000 - 0x000002045ead4000 	C:\Program Files\Java\javafx-sdk-24.0.2\bin\api-ms-win-crt-process-l1-1-0.dll
0x000002045eae0000 - 0x000002045eae5000 	C:\Program Files\Java\javafx-sdk-24.0.2\bin\api-ms-win-crt-runtime-l1-1-0.dll
0x000002045eaf0000 - 0x000002045eaf5000 	C:\Program Files\Java\javafx-sdk-24.0.2\bin\api-ms-win-crt-stdio-l1-1-0.dll
0x000002045eb00000 - 0x000002045eb05000 	C:\Program Files\Java\javafx-sdk-24.0.2\bin\api-ms-win-crt-string-l1-1-0.dll
0x000002045eb10000 - 0x000002045eb14000 	C:\Program Files\Java\javafx-sdk-24.0.2\bin\api-ms-win-crt-time-l1-1-0.dll
0x000002045eb20000 - 0x000002045eb24000 	C:\Program Files\Java\javafx-sdk-24.0.2\bin\api-ms-win-crt-utility-l1-1-0.dll
0x00007ffe5d630000 - 0x00007ffe5d741000 	C:\Program Files\Java\javafx-sdk-24.0.2\bin\ucrtbase.dll
0x00007ffe80310000 - 0x00007ffe8032b000 	C:\Program Files\Java\javafx-sdk-24.0.2\bin\vcruntime140.dll
0x00007ffea0db0000 - 0x00007ffea0dbc000 	C:\Program Files\Java\javafx-sdk-24.0.2\bin\vcruntime140_1.dll
0x00007ffe6c710000 - 0x00007ffe6c79e000 	C:\Program Files\Java\javafx-sdk-24.0.2\bin\msvcp140.dll
0x00007ffe9ec20000 - 0x00007ffe9ec29000 	C:\Program Files\Java\javafx-sdk-24.0.2\bin\msvcp140_1.dll
0x00007ffe73fe0000 - 0x00007ffe74021000 	C:\Program Files\Java\javafx-sdk-24.0.2\bin\msvcp140_2.dll
0x00007ffe7f970000 - 0x00007ffe7f9a0000 	C:\Program Files\Java\javafx-sdk-24.0.2\bin\prism_d3d.dll
0x00007ffe74130000 - 0x00007ffe74301000 	C:\Windows\system32\d3d9.dll
0x00007ffe9fc50000 - 0x00007ffe9fc7f000 	C:\Windows\SYSTEM32\dwmapi.dll
0x00007ffe9f710000 - 0x00007ffe9f7ae000 	C:\Windows\system32\uxtheme.dll
0x00007ffe6d140000 - 0x00007ffe6d2ed000 	C:\Windows\System32\DriverStore\FileRepository\iigd_dch.inf_amd64_8b084a4c4c96a30f\igdumdim64.dll
0x00007ffe30050000 - 0x00007ffe330f3000 	C:\Windows\System32\DriverStore\FileRepository\iigd_dch.inf_amd64_8b084a4c4c96a30f\igd9dxva64.dll
0x00007ffea4ae0000 - 0x00007ffea4f50000 	C:\Windows\System32\SETUPAPI.dll
0x00007ffea2aa0000 - 0x00007ffea2aee000 	C:\Windows\System32\cfgmgr32.dll
0x00007ffe94520000 - 0x00007ffe94929000 	C:\Windows\System32\DriverStore\FileRepository\iigd_dch.inf_amd64_8b084a4c4c96a30f\igdgmm64.dll
0x00007ffe73f10000 - 0x00007ffe73f58000 	C:\Program Files\Java\javafx-sdk-24.0.2\bin\glass.dll
0x00007ffea4900000 - 0x00007ffea49da000 	C:\Windows\System32\COMDLG32.dll
0x00007ffea47a0000 - 0x00007ffea4849000 	C:\Windows\System32\clbcatq.dll
0x00007ffe7dcb0000 - 0x00007ffe7ddef000 	C:\Windows\System32\Windows.UI.dll
0x00007ffe7db50000 - 0x00007ffe7dca2000 	C:\Windows\System32\InputHost.dll
0x00007ffe993e0000 - 0x00007ffe99481000 	C:\Windows\System32\WindowManagementAPI.dll
0x00007ffe7f310000 - 0x00007ffe7f409000 	C:\Windows\System32\TextInputFramework.dll
0x00007ffe9bf00000 - 0x00007ffe9bff2000 	C:\Windows\System32\CoreMessaging.dll
0x00007ffe9e9c0000 - 0x00007ffe9eb17000 	C:\Windows\SYSTEM32\wintypes.dll
0x00007ffe9e830000 - 0x00007ffe9e924000 	C:\Windows\System32\PROPSYS.dll
0x00007ffe9cb30000 - 0x00007ffe9cd33000 	C:\Windows\SYSTEM32\twinapi.appcore.dll
0x00007ffe9bb50000 - 0x00007ffe9beab000 	C:\Windows\System32\CoreUIComponents.dll
0x00007ffea1d30000 - 0x00007ffea1d63000 	C:\Windows\SYSTEM32\ntmarta.dll
0x00007ffe79800000 - 0x00007ffe798b9000 	C:\Windows\System32\Windows.Networking.Connectivity.dll
0x00007ffea3ad0000 - 0x00007ffea3be5000 	C:\Windows\System32\MSCTF.dll
0x00007ffe523c0000 - 0x00007ffe523e7000 	C:\Windows\System32\DriverStore\FileRepository\iigd_dch.inf_amd64_8b084a4c4c96a30f\igdinfo64.dll
0x00007ffe90c10000 - 0x00007ffe943a4000 	C:\Windows\System32\DriverStore\FileRepository\iigd_dch.inf_amd64_8b084a4c4c96a30f\igc64.dll
0x00007ffe96d50000 - 0x00007ffe96d8b000 	C:\Windows\SYSTEM32\dxcore.dll
0x00007ffe78e80000 - 0x00007ffe78fb8000 	C:\Windows\System32\Windows.UI.Immersive.dll
0x00007ffe8e010000 - 0x00007ffe8e020000 	C:\Windows\System32\npmproxy.dll
0x00007ffe9beb0000 - 0x00007ffe9bef2000 	C:\Windows\System32\CapabilityAccessManagerClient.dll
0x00007ffe9c200000 - 0x00007ffe9c274000 	C:\Windows\SYSTEM32\wlanapi.dll
0x00007ffea1ec0000 - 0x00007ffea1efb000 	C:\Windows\System32\IPHLPAPI.DLL
0x00007ffea3d50000 - 0x00007ffea3d58000 	C:\Windows\System32\NSI.dll
0x00007ffe7b640000 - 0x00007ffe7b651000 	C:\Windows\System32\dusmapi.dll

dbghelp: loaded successfully - version: 4.0.5 - missing functions: none
symbol engine: initialized successfully - sym options: 0x614 - pdb path: .;C:\Program Files\Java\jdk-23\bin;C:\Windows\SYSTEM32;C:\Windows\WinSxS\amd64_microsoft.windows.common-controls_6595b64144ccf1df_6.0.19041.5915_none_60b4b9d171f9c7c7;C:\Program Files\Java\jdk-23\bin\server;C:\Program Files\Java\javafx-sdk-24.0.2\bin;C:\Windows\System32\DriverStore\FileRepository\iigd_dch.inf_amd64_8b084a4c4c96a30f

VM Arguments:
jvm_args: --module-path=C:\Program Files\Java\javafx-sdk-24.0.2\lib --add-modules=javafx.controls,javafx.fxml -Dfile.encoding=UTF-8 -Dstdout.encoding=UTF-8 -Dstderr.encoding=UTF-8 --module-path=C:\Program Files\Java\javafx-sdk-24.0.2\lib\javafx-swt.jar;C:\Program Files\Java\javafx-sdk-24.0.2\lib\javafx.base.jar;C:\Program Files\Java\javafx-sdk-24.0.2\lib\javafx.controls.jar;C:\Program Files\Java\javafx-sdk-24.0.2\lib\javafx.fxml.jar;C:\Program Files\Java\javafx-sdk-24.0.2\lib\javafx.graphics.jar;C:\Program Files\Java\javafx-sdk-24.0.2\lib\javafx.media.jar;C:\Program Files\Java\javafx-sdk-24.0.2\lib\javafx.swing.jar;C:\Program Files\Java\javafx-sdk-24.0.2\lib\javafx.web.jar;C:\Program Files\Java\javafx-sdk-24.0.2\lib\jdk.jsobject.jar;C:\Program Files\Java\javafx-sdk-24.0.2\lib\jfx.incubator.input.jar;C:\Program Files\Java\javafx-sdk-24.0.2\lib\jfx.incubator.richtext.jar;C:\Users\TUMELO\.p2\pool\plugins\org.eclipse.fx.ide.css.jfx8_3.11.0.202508040700.jar -XX:+ShowCodeDetailsInExceptionMessages 
java_command: application.Main
java_class_path (initial): C:\Users\TUMELO\eclipse-workspace\Sample\bin
Launcher Type: SUN_STANDARD

[Global flags]
     intx CICompilerCount                          = 4                                         {product} {ergonomic}
     uint ConcGCThreads                            = 2                                         {product} {ergonomic}
     uint G1ConcRefinementThreads                  = 8                                         {product} {ergonomic}
   size_t G1HeapRegionSize                         = 1048576                                   {product} {ergonomic}
   size_t InitialHeapSize                          = 132120576                                 {product} {ergonomic}
   size_t MarkStackSize                            = 4194304                                   {product} {ergonomic}
   size_t MarkStackSizeMax                         = 536870912                                 {product} {ergonomic}
   size_t MaxHeapSize                              = 2090860544                                {product} {ergonomic}
   size_t MaxNewSize                               = 1254096896                                {product} {ergonomic}
   size_t MinHeapDeltaBytes                        = 1048576                                   {product} {ergonomic}
   size_t MinHeapSize                              = 8388608                                   {product} {ergonomic}
    uintx NonNMethodCodeHeapSize                   = 5832704                                {pd product} {ergonomic}
    uintx NonProfiledCodeHeapSize                  = 122945536                              {pd product} {ergonomic}
    uintx ProfiledCodeHeapSize                     = 122880000                              {pd product} {ergonomic}
    uintx ReservedCodeCacheSize                    = 251658240                              {pd product} {ergonomic}
     bool SegmentedCodeCache                       = true                                      {product} {ergonomic}
     bool ShowCodeDetailsInExceptionMessages       = true                                   {manageable} {command line}
   size_t SoftMaxHeapSize                          = 2090860544                             {manageable} {ergonomic}
     bool UseCompressedOops                        = true                           {product lp64_product} {ergonomic}
     bool UseG1GC                                  = true                                      {product} {ergonomic}
     bool UseLargePagesIndividualAllocation        = false                                  {pd product} {ergonomic}

Logging:
Log output configuration:
 #0: stdout all=warning uptime,level,tags foldmultilines=false
 #1: stderr all=off uptime,level,tags foldmultilines=false

Environment Variables:
JAVA_HOME=C:\Program Files\Java\jdk-23
PATH=C:/Users/TUMELO/.p2/pool/plugins/org.eclipse.justj.openjdk.hotspot.jre.full.win32.x86_64_21.0.8.v20250724-1412/jre/bin/server;C:/Users/TUMELO/.p2/pool/plugins/org.eclipse.justj.openjdk.hotspot.jre.full.win32.x86_64_21.0.8.v20250724-1412/jre/bin;C:\Program Files\Common Files\Oracle\Java\javapath;C:\Windows\system32;C:\Windows;C:\Windows\System32\Wbem;C:\Windows\System32\WindowsPowerShell\v1.0\;C:\Windows\System32\OpenSSH\;C:\Program Files\Java\jdk-23\bin;D:\Program Files\Git\cmd;C:\Users\TUMELO\AppData\Local\Microsoft\WindowsApps;D:\VISUAL STUDIO CODE\Microsoft VS Code\bin;C:\Users\TUMELO\AppData\Local\GitHubDesktop\bin;C:\Users\TUMELO\Desktop\clion\CLion 2024.2.0.1\bin;;C:\ProgramData\TUMELO\GitHubDesktop\bin;C:\Users\TUMELO\Desktop;
USERNAME=TUMELO
OS=Windows_NT
PROCESSOR_IDENTIFIER=Intel64 Family 6 Model 142 Stepping 12, GenuineIntel
TMP=C:\Users\TUMELO\AppData\Local\Temp
TEMP=C:\Users\TUMELO\AppData\Local\Temp




Periodic native trim disabled

---------------  S Y S T E M  ---------------

OS:
 Windows 10 , 64 bit Build 19041 (10.0.19041.5915)
OS uptime: 3 days 0:31 hours

CPU: total 8 (initial active 8) (4 cores per cpu, 2 threads per core) family 6 model 142 stepping 12 microcode 0x100, cx8, cmov, fxsr, ht, mmx, 3dnowpref, sse, sse2, sse3, ssse3, sse4.1, sse4.2, popcnt, lzcnt, tsc, tscinvbit, avx, avx2, aes, erms, clmul, bmi1, bmi2, adx, fma, vzeroupper, clflush, clflushopt, rdtscp, f16c
Processor Information for the first 8 processors :
  Max Mhz: 2208, Current Mhz: 1706, Mhz Limit: 1700

Memory: 4k page, system-wide physical 7974M (890M free)
TotalPageFile size 17777M (AvailPageFile size 43M)
current process WorkingSet (physical memory assigned to process): 113M, peak: 113M
current process commit charge ("private bytes"): 252M, peak: 252M

vm_info: Java HotSpot(TM) 64-Bit Server VM (23.0.2+7-58) for windows-amd64 JRE (23.0.2+7-58), built on 2024-11-29T09:34:55Z with MS VC++ 17.6 (VS2022)

END.
