#
# There is insufficient memory for the Java Runtime Environment to continue.
# Native memory allocation (mmap) failed to map 132120576 bytes. Error detail: G1 virtual space
# Possible reasons:
#   The system is out of physical RAM or swap space
#   This process is running with CompressedOops enabled, and the Java Heap may be blocking the growth of the native heap
# Possible solutions:
#   Reduce memory load on the system
#   Increase physical memory or swap space
#   Check if swap backing store is full
#   Decrease Java heap size (-Xmx/-Xms)
#   Decrease number of Java threads
#   Decrease Java thread stack sizes (-Xss)
#   Set larger code cache with -XX:ReservedCodeCacheSize=
#   JVM is running with Unscaled Compressed Oops mode in which the Java heap is
#     placed in the first 4GB address space. The Java Heap base address is the
#     maximum limit for the native heap growth. Please use -XX:HeapBaseMinAddress
#     to set the Java Heap base and to place the Java Heap above 4GB virtual address.
# This output file may be truncated or incomplete.
#
#  Out of Memory Error (os_windows.cpp:3707), pid=708, tid=15136
#
# JRE version:  (23.0.2+7) (build )
# Java VM: Java HotSpot(TM) 64-Bit Server VM (23.0.2+7-58, mixed mode, sharing, tiered, compressed oops, compressed class ptrs, g1 gc, windows-amd64)
# No core dump will be written. Minidumps are not enabled by default on client versions of Windows
#

---------------  S U M M A R Y ------------

Command Line: --module-path=C:\Program Files\Java\javafx-sdk-24.0.2\lib --add-modules=javafx.controls,javafx.fxml -Dfile.encoding=UTF-8 -Dstdout.encoding=UTF-8 -Dstderr.encoding=UTF-8 --module-path=C:\Program Files\Java\javafx-sdk-24.0.2\lib\javafx-swt.jar;C:\Program Files\Java\javafx-sdk-24.0.2\lib\javafx.base.jar;C:\Program Files\Java\javafx-sdk-24.0.2\lib\javafx.controls.jar;C:\Program Files\Java\javafx-sdk-24.0.2\lib\javafx.fxml.jar;C:\Program Files\Java\javafx-sdk-24.0.2\lib\javafx.graphics.jar;C:\Program Files\Java\javafx-sdk-24.0.2\lib\javafx.media.jar;C:\Program Files\Java\javafx-sdk-24.0.2\lib\javafx.swing.jar;C:\Program Files\Java\javafx-sdk-24.0.2\lib\javafx.web.jar;C:\Program Files\Java\javafx-sdk-24.0.2\lib\jdk.jsobject.jar;C:\Program Files\Java\javafx-sdk-24.0.2\lib\jfx.incubator.input.jar;C:\Program Files\Java\javafx-sdk-24.0.2\lib\jfx.incubator.richtext.jar;C:\Users\TUMELO\.p2\pool\plugins\org.eclipse.fx.ide.css.jfx8_3.11.0.202508040700.jar -XX:+ShowCodeDetailsInExceptionMessages application.Main

Host: Intel(R) Core(TM) i5-10310U CPU @ 1.70GHz, 8 cores, 7G,  Windows 10 , 64 bit Build 19041 (10.0.19041.5915)
Time: Thu Aug  7 20:30:47 2025 South Africa Standard Time elapsed time: 0.015748 seconds (0d 0h 0m 0s)

---------------  T H R E A D  ---------------

Current thread (0x000002be053db2b0):  JavaThread "Unknown thread" [_thread_in_vm, id=15136, stack(0x000000d4b8500000,0x000000d4b8600000) (1024K)]

Stack: [0x000000d4b8500000,0x000000d4b8600000]
Native frames: (J=compiled Java code, j=interpreted, Vv=VM code, C=native code)
V  [jvm.dll+0x6e0b99]  (no source info available)
V  [jvm.dll+0x87e2b3]  (no source info available)
V  [jvm.dll+0x88073e]  (no source info available)
V  [jvm.dll+0x880e13]  (no source info available)
V  [jvm.dll+0x27b006]  (no source info available)
V  [jvm.dll+0x6dd485]  (no source info available)
V  [jvm.dll+0x6d127a]  (no source info available)
V  [jvm.dll+0x35b50a]  (no source info available)
V  [jvm.dll+0x363916]  (no source info available)
V  [jvm.dll+0x34fe7e]  (no source info available)
V  [jvm.dll+0x350118]  (no source info available)
V  [jvm.dll+0x328aec]  (no source info available)
V  [jvm.dll+0x32978e]  (no source info available)
V  [jvm.dll+0x8449a5]  (no source info available)
V  [jvm.dll+0x3b9a08]  (no source info available)
V  [jvm.dll+0x82d68c]  (no source info available)
V  [jvm.dll+0x454f2e]  (no source info available)
V  [jvm.dll+0x456db1]  (no source info available)
C  [jli.dll+0x52a3]  (no source info available)
C  [ucrtbase.dll+0x21bb2]  (no source info available)
C  [KERNEL32.DLL+0x17374]  (no source info available)
C  [ntdll.dll+0x4cc91]  (no source info available)

Lock stack of current Java thread (top to bottom):


---------------  P R O C E S S  ---------------

Threads class SMR info:
_java_thread_list=0x00007ffe5ac34618, length=0, elements={
}

Java Threads: ( => current thread )
Total: 0

Other Threads:
  0x000002be07783ba0 WorkerThread "GC Thread#0"                     [id=18916, stack(0x000000d4b8600000,0x000000d4b8700000) (1024K)]
  0x000002be07798380 ConcurrentGCThread "G1 Main Marker"            [id=2716, stack(0x000000d4b8700000,0x000000d4b8800000) (1024K)]
  0x000002be077997e0 WorkerThread "G1 Conc#0"                       [id=10656, stack(0x000000d4b8800000,0x000000d4b8900000) (1024K)]

[error occurred during error reporting (printing all threads), id 0xc0000005, EXCEPTION_ACCESS_VIOLATION (0xc0000005) at pc=0x00007ffe5a37c0da]
VM state: not at safepoint (not fully initialized)

VM Mutex/Monitor currently owned by a thread:  ([mutex/lock_event])
[0x00007ffe5acb4988] Heap_lock - owner thread: 0x000002be053db2b0

Heap address: 0x0000000083600000, size: 1994 MB, Compressed Oops mode: 32-bit

CDS archive(s) mapped at: [0x0000000000000000-0x0000000000000000-0x0000000000000000), size 0, SharedBaseAddress: 0x0000000800000000, ArchiveRelocationMode: 1.
Narrow klass base: 0x0000000000000000, Narrow klass shift: 0, Narrow klass range: 0x0

GC Precious Log:
 CardTable entry size: 512
 Card Set container configuration: InlinePtr #cards 5 size 8 Array Of Cards #cards 10 size 36 Howl #buckets 4 coarsen threshold 1843 Howl Bitmap #cards 512 size 80 coarsen threshold 460 Card regions per heap region 1 cards per card region 2048

Heap:
 garbage-first heap   total reserved 2041856K, committed 0K, used 0K [0x0000000083600000, 0x0000000100000000)
  region size 1024K, 0 young (0K), 0 survivors (0K)

[error occurred during error reporting (printing heap information), id 0xc0000005, EXCEPTION_ACCESS_VIOLATION (0xc0000005) at pc=0x00007ffe5a77c6a9]
GC Heap History (0 events):
No events

Dll operation events (1 events):
Event: 0.011 Loaded shared library C:\Program Files\Java\jdk-23\bin\java.dll

Deoptimization events (0 events):
No events

Classes loaded (0 events):
No events

Classes unloaded (0 events):
No events

Classes redefined (0 events):
No events

Internal exceptions (0 events):
No events

VM Operations (0 events):
No events

Memory protections (0 events):
No events

Nmethod flushes (0 events):
No events

Events (0 events):
No events


Dynamic libraries:
0x00007ff70cf00000 - 0x00007ff70cf10000 	C:\Program Files\Java\jdk-23\bin\javaw.exe
0x00007ffea5410000 - 0x00007ffea5608000 	C:\Windows\SYSTEM32\ntdll.dll
0x00007ffea3d60000 - 0x00007ffea3e22000 	C:\Windows\System32\KERNEL32.DLL
0x00007ffea2bf0000 - 0x00007ffea2ee6000 	C:\Windows\System32\KERNELBASE.dll
0x00007ffea2af0000 - 0x00007ffea2bf0000 	C:\Windows\System32\ucrtbase.dll
0x00007ffe8b530000 - 0x00007ffe8b547000 	C:\Program Files\Java\jdk-23\bin\jli.dll
0x00007ffe87d40000 - 0x00007ffe87d5b000 	C:\Program Files\Java\jdk-23\bin\VCRUNTIME140.dll
0x00007ffe87e40000 - 0x00007ffe880da000 	C:\Windows\WinSxS\amd64_microsoft.windows.common-controls_6595b64144ccf1df_6.0.19041.5915_none_60b4b9d171f9c7c7\COMCTL32.dll
0x00007ffea5110000 - 0x00007ffea52ad000 	C:\Windows\System32\USER32.dll
0x00007ffea5070000 - 0x00007ffea510e000 	C:\Windows\System32\msvcrt.dll
0x00007ffea32d0000 - 0x00007ffea32f2000 	C:\Windows\System32\win32u.dll
0x00007ffea3bf0000 - 0x00007ffea3c1b000 	C:\Windows\System32\GDI32.dll
0x00007ffea30f0000 - 0x00007ffea3209000 	C:\Windows\System32\gdi32full.dll
0x00007ffea3050000 - 0x00007ffea30ed000 	C:\Windows\System32\msvcp_win.dll
0x00007ffea49e0000 - 0x00007ffea4a0f000 	C:\Windows\System32\IMM32.DLL
0x00007ffea1150000 - 0x00007ffea115c000 	C:\Program Files\Java\jdk-23\bin\vcruntime140_1.dll
0x00007ffe790a0000 - 0x00007ffe7912e000 	C:\Program Files\Java\jdk-23\bin\msvcp140.dll
0x00007ffe5a040000 - 0x00007ffe5ad90000 	C:\Program Files\Java\jdk-23\bin\server\jvm.dll
0x00007ffea5310000 - 0x00007ffea53c1000 	C:\Windows\System32\ADVAPI32.dll
0x00007ffea4fd0000 - 0x00007ffea506f000 	C:\Windows\System32\sechost.dll
0x00007ffea45a0000 - 0x00007ffea46c3000 	C:\Windows\System32\RPCRT4.dll
0x00007ffea3210000 - 0x00007ffea3237000 	C:\Windows\System32\bcrypt.dll
0x00007ffea46d0000 - 0x00007ffea473b000 	C:\Windows\System32\WS2_32.dll
0x00007ffea2030000 - 0x00007ffea207b000 	C:\Windows\SYSTEM32\POWRPROF.dll
0x00007ffea0d80000 - 0x00007ffea0d8a000 	C:\Windows\SYSTEM32\VERSION.dll
0x00007ffe8c040000 - 0x00007ffe8c067000 	C:\Windows\SYSTEM32\WINMM.dll
0x00007ffea1ea0000 - 0x00007ffea1eb2000 	C:\Windows\SYSTEM32\UMPDC.dll
0x00007ffea12c0000 - 0x00007ffea12d2000 	C:\Windows\SYSTEM32\kernel.appcore.dll
0x00007ffea1130000 - 0x00007ffea113a000 	C:\Program Files\Java\jdk-23\bin\jimage.dll
0x00007ffea0380000 - 0x00007ffea0581000 	C:\Windows\SYSTEM32\DBGHELP.DLL
0x00007ffe80b10000 - 0x00007ffe80b44000 	C:\Windows\SYSTEM32\dbgcore.DLL
0x00007ffea3240000 - 0x00007ffea32c2000 	C:\Windows\System32\bcryptPrimitives.dll
0x00007ffe84560000 - 0x00007ffe8457e000 	C:\Program Files\Java\jdk-23\bin\java.dll
0x00007ffea3c20000 - 0x00007ffea3d4b000 	C:\Windows\System32\ole32.dll
0x00007ffea36f0000 - 0x00007ffea3a43000 	C:\Windows\System32\combase.dll
0x00007ffea3e30000 - 0x00007ffea459e000 	C:\Windows\System32\SHELL32.dll

dbghelp: loaded successfully - version: 4.0.5 - missing functions: none
symbol engine: initialized successfully - sym options: 0x614 - pdb path: .;C:\Program Files\Java\jdk-23\bin;C:\Windows\SYSTEM32;C:\Windows\WinSxS\amd64_microsoft.windows.common-controls_6595b64144ccf1df_6.0.19041.5915_none_60b4b9d171f9c7c7;C:\Program Files\Java\jdk-23\bin\server

VM Arguments:
jvm_args: --module-path=C:\Program Files\Java\javafx-sdk-24.0.2\lib --add-modules=javafx.controls,javafx.fxml -Dfile.encoding=UTF-8 -Dstdout.encoding=UTF-8 -Dstderr.encoding=UTF-8 --module-path=C:\Program Files\Java\javafx-sdk-24.0.2\lib\javafx-swt.jar;C:\Program Files\Java\javafx-sdk-24.0.2\lib\javafx.base.jar;C:\Program Files\Java\javafx-sdk-24.0.2\lib\javafx.controls.jar;C:\Program Files\Java\javafx-sdk-24.0.2\lib\javafx.fxml.jar;C:\Program Files\Java\javafx-sdk-24.0.2\lib\javafx.graphics.jar;C:\Program Files\Java\javafx-sdk-24.0.2\lib\javafx.media.jar;C:\Program Files\Java\javafx-sdk-24.0.2\lib\javafx.swing.jar;C:\Program Files\Java\javafx-sdk-24.0.2\lib\javafx.web.jar;C:\Program Files\Java\javafx-sdk-24.0.2\lib\jdk.jsobject.jar;C:\Program Files\Java\javafx-sdk-24.0.2\lib\jfx.incubator.input.jar;C:\Program Files\Java\javafx-sdk-24.0.2\lib\jfx.incubator.richtext.jar;C:\Users\TUMELO\.p2\pool\plugins\org.eclipse.fx.ide.css.jfx8_3.11.0.202508040700.jar -XX:+ShowCodeDetailsInExceptionMessages 
java_command: application.Main
java_class_path (initial): C:\Users\TUMELO\eclipse-workspace\Sample\bin
Launcher Type: SUN_STANDARD

[Global flags]
     intx CICompilerCount                          = 4                                         {product} {ergonomic}
     uint ConcGCThreads                            = 2                                         {product} {ergonomic}
     uint G1ConcRefinementThreads                  = 8                                         {product} {ergonomic}
   size_t G1HeapRegionSize                         = 1048576                                   {product} {ergonomic}
   size_t InitialHeapSize                          = 132120576                                 {product} {ergonomic}
   size_t MarkStackSize                            = 4194304                                   {product} {ergonomic}
   size_t MarkStackSizeMax                         = 536870912                                 {product} {ergonomic}
   size_t MaxHeapSize                              = 2090860544                                {product} {ergonomic}
   size_t MinHeapDeltaBytes                        = 1048576                                   {product} {ergonomic}
   size_t MinHeapSize                              = 8388608                                   {product} {ergonomic}
    uintx NonNMethodCodeHeapSize                   = 5832704                                {pd product} {ergonomic}
    uintx NonProfiledCodeHeapSize                  = 122945536                              {pd product} {ergonomic}
    uintx ProfiledCodeHeapSize                     = 122880000                              {pd product} {ergonomic}
    uintx ReservedCodeCacheSize                    = 251658240                              {pd product} {ergonomic}
     bool SegmentedCodeCache                       = true                                      {product} {ergonomic}
     bool ShowCodeDetailsInExceptionMessages       = true                                   {manageable} {command line}
   size_t SoftMaxHeapSize                          = 2090860544                             {manageable} {ergonomic}
     bool UseCompressedOops                        = true                           {product lp64_product} {ergonomic}
     bool UseG1GC                                  = true                                      {product} {ergonomic}
     bool UseLargePagesIndividualAllocation        = false                                  {pd product} {ergonomic}

Logging:
Log output configuration:
 #0: stdout all=warning uptime,level,tags foldmultilines=false
 #1: stderr all=off uptime,level,tags foldmultilines=false

Environment Variables:
JAVA_HOME=C:\Program Files\Java\jdk-23
PATH=C:/Users/TUMELO/.p2/pool/plugins/org.eclipse.justj.openjdk.hotspot.jre.full.win32.x86_64_21.0.8.v20250724-1412/jre/bin/server;C:/Users/TUMELO/.p2/pool/plugins/org.eclipse.justj.openjdk.hotspot.jre.full.win32.x86_64_21.0.8.v20250724-1412/jre/bin;C:\Program Files\Common Files\Oracle\Java\javapath;C:\Windows\system32;C:\Windows;C:\Windows\System32\Wbem;C:\Windows\System32\WindowsPowerShell\v1.0\;C:\Windows\System32\OpenSSH\;C:\Program Files\Java\jdk-23\bin;D:\Program Files\Git\cmd;C:\Users\TUMELO\AppData\Local\Microsoft\WindowsApps;D:\VISUAL STUDIO CODE\Microsoft VS Code\bin;C:\Users\TUMELO\AppData\Local\GitHubDesktop\bin;C:\Users\TUMELO\Desktop\clion\CLion 2024.2.0.1\bin;;C:\ProgramData\TUMELO\GitHubDesktop\bin;C:\Users\TUMELO\Desktop;
USERNAME=TUMELO
OS=Windows_NT
PROCESSOR_IDENTIFIER=Intel64 Family 6 Model 142 Stepping 12, GenuineIntel
TMP=C:\Users\TUMELO\AppData\Local\Temp
TEMP=C:\Users\TUMELO\AppData\Local\Temp




Periodic native trim disabled

---------------  S Y S T E M  ---------------

OS:
 Windows 10 , 64 bit Build 19041 (10.0.19041.5915)
OS uptime: 3 days 0:31 hours

CPU: total 8 (initial active 8) (4 cores per cpu, 2 threads per core) family 6 model 142 stepping 12 microcode 0x100, cx8, cmov, fxsr, ht, mmx, 3dnowpref, sse, sse2, sse3, ssse3, sse4.1, sse4.2, popcnt, lzcnt, tsc, tscinvbit, avx, avx2, aes, erms, clmul, bmi1, bmi2, adx, fma, vzeroupper, clflush, clflushopt, rdtscp, f16c
Processor Information for the first 8 processors :
  Max Mhz: 2208, Current Mhz: 1706, Mhz Limit: 1700

Memory: 4k page, system-wide physical 7974M (538M free)
TotalPageFile size 17777M (AvailPageFile size 84M)
current process WorkingSet (physical memory assigned to process): 11M, peak: 11M
current process commit charge ("private bytes"): 60M, peak: 186M

vm_info: Java HotSpot(TM) 64-Bit Server VM (23.0.2+7-58) for windows-amd64 JRE (23.0.2+7-58), built on 2024-11-29T09:34:55Z with MS VC++ 17.6 (VS2022)

END.
